#
# There is insufficient memory for the Java Runtime Environment to continue.
# Native memory allocation (malloc) failed to allocate 2097152 bytes for AllocateHeap
# Possible reasons:
#   The system is out of physical RAM or swap space
#   The process is running with CompressedOops enabled, and the Java Heap may be blocking the growth of the native heap
# Possible solutions:
#   Reduce memory load on the system
#   Increase physical memory or swap space
#   Check if swap backing store is full
#   Decrease Java heap size (-Xmx/-Xms)
#   Decrease number of Java threads
#   Decrease Java thread stack sizes (-Xss)
#   Set larger code cache with -XX:ReservedCodeCacheSize=
#   JVM is running with Unscaled Compressed Oops mode in which the Java heap is
#     placed in the first 4GB address space. The Java Heap base address is the
#     maximum limit for the native heap growth. Please use -XX:HeapBaseMinAddress
#     to set the Java Heap base and to place the Java Heap above 4GB virtual address.
# This output file may be truncated or incomplete.
#
#  Out of Memory Error (allocation.cpp:44), pid=16752, tid=10084
#
# JRE version: OpenJDK Runtime Environment Temurin-17.0.7+7 (17.0.7+7) (build 17.0.7+7)
# Java VM: OpenJDK 64-Bit Server VM Temurin-17.0.7+7 (17.0.7+7, mixed mode, emulated-client, tiered, compressed oops, compressed class ptrs, g1 gc, windows-amd64)
# No core dump will be written. Minidumps are not enabled by default on client versions of Windows
#

---------------  S U M M A R Y ------------

Command Line: -XX:+HeapDumpOnOutOfMemoryError -Xmx1024m -Dsts.lsp.client=vscode -Dsts.log.file=/dev/null -XX:TieredStopAtLevel=1 -Xlog:jni+resolve=off -Dspring.config.location=file:c:\Users\haris\.vscode\extensions\vmware.vscode-spring-boot-1.47.0\language-server\BOOT-INF\classes\application.properties org.springframework.ide.vscode.boot.app.BootLanguageServerBootApp

Host: AMD Ryzen 3 3250U with Radeon Graphics         , 4 cores, 3G,  Windows 11 , 64 bit Build 22621 (10.0.22621.1778)
Time: Fri Jul  7 16:06:56 2023 Malay Peninsula Standard Time elapsed time: 378.970791 seconds (0d 0h 6m 18s)

---------------  T H R E A D  ---------------

Current thread (0x00000238c3f7ed10):  VMThread "VM Thread" [stack: 0x000000fd9cd00000,0x000000fd9ce00000] [id=10084]

Stack: [0x000000fd9cd00000,0x000000fd9ce00000]
Native frames: (J=compiled Java code, j=interpreted, Vv=VM code, C=native code)
V  [jvm.dll+0x67754a]
V  [jvm.dll+0x834304]
V  [jvm.dll+0x835aae]
V  [jvm.dll+0x836113]
V  [jvm.dll+0x24696f]
V  [jvm.dll+0xa681f]
V  [jvm.dll+0x2f7481]
V  [jvm.dll+0x2f30f0]
V  [jvm.dll+0x2db6c7]
V  [jvm.dll+0x31e777]
V  [jvm.dll+0x83a5bb]
V  [jvm.dll+0x83b2f4]
V  [jvm.dll+0x83b80c]
V  [jvm.dll+0x83bbe4]
V  [jvm.dll+0x83bcb0]
V  [jvm.dll+0x7e4e7a]
V  [jvm.dll+0x676395]
C  [ucrtbase.dll+0x29363]
C  [KERNEL32.DLL+0x126ad]
C  [ntdll.dll+0x5a9f8]

VM_Operation (0x000000fd9dfff0d0): G1CollectFull, mode: safepoint, requested by thread 0x00000238d3be4050


---------------  P R O C E S S  ---------------

Threads class SMR info:
_java_thread_list=0x00000238d3a0bb40, length=18, elements={
0x00000238ce3e20d0, 0x00000238ce3e2b90, 0x00000238ce4144f0, 0x00000238ce41d210,
0x00000238ce41f6f0, 0x00000238ce41ffb0, 0x00000238ce420920, 0x00000238ce4239d0,
0x00000238ce733800, 0x00000238ce733cd0, 0x00000238d4279a70, 0x00000238d42790b0,
0x00000238d3be4050, 0x00000238d4282140, 0x00000238c3ec93b0, 0x00000238d42fff70,
0x00000238d43222c0, 0x00000238d4344b70
}

Java Threads: ( => current thread )
  0x00000238ce3e20d0 JavaThread "Reference Handler" daemon [_thread_blocked, id=16708, stack(0x000000fd9ce00000,0x000000fd9cf00000)]
  0x00000238ce3e2b90 JavaThread "Finalizer" daemon [_thread_blocked, id=6808, stack(0x000000fd9cf00000,0x000000fd9d000000)]
  0x00000238ce4144f0 JavaThread "Signal Dispatcher" daemon [_thread_blocked, id=4468, stack(0x000000fd9d000000,0x000000fd9d100000)]
  0x00000238ce41d210 JavaThread "Attach Listener" daemon [_thread_blocked, id=5868, stack(0x000000fd9d100000,0x000000fd9d200000)]
  0x00000238ce41f6f0 JavaThread "Service Thread" daemon [_thread_blocked, id=13748, stack(0x000000fd9d200000,0x000000fd9d300000)]
  0x00000238ce41ffb0 JavaThread "Monitor Deflation Thread" daemon [_thread_blocked, id=23136, stack(0x000000fd9d300000,0x000000fd9d400000)]
  0x00000238ce420920 JavaThread "C1 CompilerThread0" daemon [_thread_blocked, id=23188, stack(0x000000fd9d400000,0x000000fd9d500000)]
  0x00000238ce4239d0 JavaThread "Sweeper thread" daemon [_thread_blocked, id=19324, stack(0x000000fd9d500000,0x000000fd9d600000)]
  0x00000238ce733800 JavaThread "Notification Thread" daemon [_thread_blocked, id=17420, stack(0x000000fd9d600000,0x000000fd9d700000)]
  0x00000238ce733cd0 JavaThread "Common-Cleaner" daemon [_thread_blocked, id=15324, stack(0x000000fd9d800000,0x000000fd9d900000)]
  0x00000238d4279a70 JavaThread "boundedElastic-evictor-1" daemon [_thread_blocked, id=23408, stack(0x000000fd9dd00000,0x000000fd9de00000)]
  0x00000238d42790b0 JavaThread "boundedElastic-evictor-2" daemon [_thread_blocked, id=8148, stack(0x000000fd9de00000,0x000000fd9df00000)]
  0x00000238d3be4050 JavaThread "pool-10-thread-1" [_thread_blocked, id=9568, stack(0x000000fd9df00000,0x000000fd9e000000)]
  0x00000238d4282140 JavaThread "LanguageServerApp-lifecycle" [_thread_blocked, id=8272, stack(0x000000fd9e000000,0x000000fd9e100000)]
  0x00000238c3ec93b0 JavaThread "DestroyJavaVM" [_thread_blocked, id=16324, stack(0x000000fd9c700000,0x000000fd9c800000)]
  0x00000238d42fff70 JavaThread "pool-11-thread-1" [_thread_in_native, id=1716, stack(0x000000fd9e100000,0x000000fd9e200000)]
  0x00000238d43222c0 JavaThread "Simple-Language-Server main thread" daemon [_thread_blocked, id=20572, stack(0x000000fd9e200000,0x000000fd9e300000)]
  0x00000238d4344b70 JavaThread "pool-6-thread-1" [_thread_blocked, id=15604, stack(0x000000fd9e300000,0x000000fd9e400000)]

Other Threads:
=>0x00000238c3f7ed10 VMThread "VM Thread" [stack: 0x000000fd9cd00000,0x000000fd9ce00000] [id=10084]
  0x00000238ce585810 WatcherThread [stack: 0x000000fd9d700000,0x000000fd9d800000] [id=21984]
  0x00000238c3f07cb0 GCTaskThread "GC Thread#0" [stack: 0x000000fd9c800000,0x000000fd9c900000] [id=2592]
  0x00000238ce68ca70 GCTaskThread "GC Thread#1" [stack: 0x000000fd9d900000,0x000000fd9da00000] [id=17852]
  0x00000238d34579b0 GCTaskThread "GC Thread#2" [stack: 0x000000fd9da00000,0x000000fd9db00000] [id=8988]
  0x00000238ce6bcae0 GCTaskThread "GC Thread#3" [stack: 0x000000fd9dc00000,0x000000fd9dd00000] [id=2300]
  0x00000238c3f10b00 ConcurrentGCThread "G1 Main Marker" [stack: 0x000000fd9c900000,0x000000fd9ca00000] [id=15228]
  0x00000238c3f11420 ConcurrentGCThread "G1 Conc#0" [stack: 0x000000fd9ca00000,0x000000fd9cb00000] [id=23496]
  0x00000238c3f4d180 ConcurrentGCThread "G1 Refine#0" [stack: 0x000000fd9cb00000,0x000000fd9cc00000] [id=18356]
  0x00000238c3f4dab0 ConcurrentGCThread "G1 Service" [stack: 0x000000fd9cc00000,0x000000fd9cd00000] [id=21168]

Threads with active compile tasks:

VM state: at safepoint (normal execution)

VM Mutex/Monitor currently owned by a thread:  ([mutex/lock_event])
[0x00000238c1d2b870] Threads_lock - owner thread: 0x00000238c3f7ed10
[0x00000238c3ec71c0] Heap_lock - owner thread: 0x00000238d3be4050

Heap address: 0x00000000c0000000, size: 1024 MB, Compressed Oops mode: 32-bit

CDS archive(s) not mapped
Compressed class space mapped at: 0x0000000100000000-0x0000000140000000, reserved size: 1073741824
Narrow klass base: 0x0000000000000000, Narrow klass shift: 3, Narrow klass range: 0x140000000

GC Precious Log:
 CPUs: 4 total, 4 available
 Memory: 3521M
 Large Page Support: Disabled
 NUMA Support: Disabled
 Compressed Oops: Enabled (32-bit)
 Heap Region Size: 1M
 Heap Min Capacity: 8M
 Heap Initial Capacity: 56M
 Heap Max Capacity: 1G
 Pre-touch: Disabled
 Parallel Workers: 4
 Concurrent Workers: 1
 Concurrent Refinement Workers: 4
 Periodic GC: Disabled

Heap:
 garbage-first heap   total 61440K, used 18083K [0x00000000c0000000, 0x0000000100000000)
  region size 1024K, 1 young (1024K), 0 survivors (0K)
 Metaspace       used 37024K, committed 37568K, reserved 1114112K
  class space    used 4790K, committed 4992K, reserved 1048576K

Heap Regions: E=young(eden), S=young(survivor), O=old, HS=humongous(starts), HC=humongous(continues), CS=collection set, F=free, OA=open archive, CA=closed archive, TAMS=top-at-mark-start (previous, next)
|   0|0x00000000c0000000, 0x00000000c0100000, 0x00000000c0100000|100%|HS|  |TAMS 0x00000000c0100000, 0x00000000c0000000| Untracked 
|   1|0x00000000c0100000, 0x00000000c0200000, 0x00000000c0200000|100%| O|  |TAMS 0x00000000c0200000, 0x00000000c0100000| Untracked 
|   2|0x00000000c0200000, 0x00000000c02fffd0, 0x00000000c0300000| 99%| O|  |TAMS 0x00000000c02fffd0, 0x00000000c0200000| Untracked 
|   3|0x00000000c0300000, 0x00000000c0400000, 0x00000000c0400000|100%| O|  |TAMS 0x00000000c0400000, 0x00000000c0300000| Untracked 
|   4|0x00000000c0400000, 0x00000000c04ffff8, 0x00000000c0500000| 99%| O|  |TAMS 0x00000000c04ffff8, 0x00000000c0400000| Untracked 
|   5|0x00000000c0500000, 0x00000000c0600000, 0x00000000c0600000|100%| O|  |TAMS 0x00000000c0600000, 0x00000000c0500000| Untracked 
|   6|0x00000000c0600000, 0x00000000c0700000, 0x00000000c0700000|100%| O|  |TAMS 0x00000000c0700000, 0x00000000c0600000| Untracked 
|   7|0x00000000c0700000, 0x00000000c0800000, 0x00000000c0800000|100%| O|  |TAMS 0x00000000c0800000, 0x00000000c0700000| Untracked 
|   8|0x00000000c0800000, 0x00000000c08ffff0, 0x00000000c0900000| 99%| O|  |TAMS 0x00000000c08ffff0, 0x00000000c0800000| Untracked 
|   9|0x00000000c0900000, 0x00000000c0a00000, 0x00000000c0a00000|100%| O|  |TAMS 0x00000000c0a00000, 0x00000000c0900000| Untracked 
|  10|0x00000000c0a00000, 0x00000000c0affff8, 0x00000000c0b00000| 99%| O|  |TAMS 0x00000000c0affff8, 0x00000000c0a00000| Untracked 
|  11|0x00000000c0b00000, 0x00000000c0bffff8, 0x00000000c0c00000| 99%| O|  |TAMS 0x00000000c0bffff8, 0x00000000c0b00000| Untracked 
|  12|0x00000000c0c00000, 0x00000000c0cfffe0, 0x00000000c0d00000| 99%| O|  |TAMS 0x00000000c0cfffe0, 0x00000000c0c00000| Untracked 
|  13|0x00000000c0d00000, 0x00000000c0dfffe8, 0x00000000c0e00000| 99%| O|  |TAMS 0x00000000c0dfffe8, 0x00000000c0d00000| Untracked 
|  14|0x00000000c0e00000, 0x00000000c0efffe0, 0x00000000c0f00000| 99%| O|  |TAMS 0x00000000c0efffe0, 0x00000000c0e00000| Untracked 
|  15|0x00000000c0f00000, 0x00000000c0ffffe8, 0x00000000c1000000| 99%| O|  |TAMS 0x00000000c0ffffe8, 0x00000000c0f00000| Untracked 
|  16|0x00000000c1000000, 0x00000000c10ffff0, 0x00000000c1100000| 99%| O|  |TAMS 0x00000000c10ffff0, 0x00000000c1000000| Untracked 
|  17|0x00000000c1100000, 0x00000000c11a6c30, 0x00000000c1200000| 65%| O|  |TAMS 0x00000000c1100000, 0x00000000c1100000| Untracked 
|  18|0x00000000c1200000, 0x00000000c12022b8, 0x00000000c1300000|  0%| O|  |TAMS 0x00000000c1200000, 0x00000000c1200000| Untracked 
|  19|0x00000000c1300000, 0x00000000c1300000, 0x00000000c1400000|  0%| F|  |TAMS 0x00000000c1300000, 0x00000000c1300000| Untracked 
|  20|0x00000000c1400000, 0x00000000c1400000, 0x00000000c1500000|  0%| F|  |TAMS 0x00000000c1400000, 0x00000000c1400000| Untracked 
|  21|0x00000000c1500000, 0x00000000c1500000, 0x00000000c1600000|  0%| F|  |TAMS 0x00000000c1500000, 0x00000000c1500000| Untracked 
|  22|0x00000000c1600000, 0x00000000c1600000, 0x00000000c1700000|  0%| F|  |TAMS 0x00000000c1600000, 0x00000000c1600000| Untracked 
|  23|0x00000000c1700000, 0x00000000c1700000, 0x00000000c1800000|  0%| F|  |TAMS 0x00000000c1700000, 0x00000000c1700000| Untracked 
|  24|0x00000000c1800000, 0x00000000c1800000, 0x00000000c1900000|  0%| F|  |TAMS 0x00000000c1800000, 0x00000000c1800000| Untracked 
|  25|0x00000000c1900000, 0x00000000c1900000, 0x00000000c1a00000|  0%| F|  |TAMS 0x00000000c1900000, 0x00000000c1900000| Untracked 
|  26|0x00000000c1a00000, 0x00000000c1a00000, 0x00000000c1b00000|  0%| F|  |TAMS 0x00000000c1a00000, 0x00000000c1a00000| Untracked 
|  27|0x00000000c1b00000, 0x00000000c1b00000, 0x00000000c1c00000|  0%| F|  |TAMS 0x00000000c1b00000, 0x00000000c1b00000| Untracked 
|  28|0x00000000c1c00000, 0x00000000c1c00000, 0x00000000c1d00000|  0%| F|  |TAMS 0x00000000c1c00000, 0x00000000c1c00000| Untracked 
|  29|0x00000000c1d00000, 0x00000000c1d00000, 0x00000000c1e00000|  0%| F|  |TAMS 0x00000000c1d00000, 0x00000000c1d00000| Untracked 
|  30|0x00000000c1e00000, 0x00000000c1e00000, 0x00000000c1f00000|  0%| F|  |TAMS 0x00000000c1e00000, 0x00000000c1e00000| Untracked 
|  31|0x00000000c1f00000, 0x00000000c1f00000, 0x00000000c2000000|  0%| F|  |TAMS 0x00000000c1f00000, 0x00000000c1f00000| Untracked 
|  32|0x00000000c2000000, 0x00000000c2000000, 0x00000000c2100000|  0%| F|  |TAMS 0x00000000c2000000, 0x00000000c2000000| Untracked 
|  33|0x00000000c2100000, 0x00000000c2100000, 0x00000000c2200000|  0%| F|  |TAMS 0x00000000c2100000, 0x00000000c2100000| Untracked 
|  34|0x00000000c2200000, 0x00000000c2200000, 0x00000000c2300000|  0%| F|  |TAMS 0x00000000c2200000, 0x00000000c2200000| Untracked 
|  35|0x00000000c2300000, 0x00000000c2300000, 0x00000000c2400000|  0%| F|  |TAMS 0x00000000c2300000, 0x00000000c2300000| Untracked 
|  36|0x00000000c2400000, 0x00000000c2400000, 0x00000000c2500000|  0%| F|  |TAMS 0x00000000c2400000, 0x00000000c2400000| Untracked 
|  37|0x00000000c2500000, 0x00000000c2500000, 0x00000000c2600000|  0%| F|  |TAMS 0x00000000c2500000, 0x00000000c2500000| Untracked 
|  38|0x00000000c2600000, 0x00000000c2600000, 0x00000000c2700000|  0%| F|  |TAMS 0x00000000c2600000, 0x00000000c2600000| Untracked 
|  39|0x00000000c2700000, 0x00000000c2700000, 0x00000000c2800000|  0%| F|  |TAMS 0x00000000c2700000, 0x00000000c2700000| Untracked 
|  40|0x00000000c2800000, 0x00000000c2800000, 0x00000000c2900000|  0%| F|  |TAMS 0x00000000c2800000, 0x00000000c2800000| Untracked 
|  41|0x00000000c2900000, 0x00000000c2900000, 0x00000000c2a00000|  0%| F|  |TAMS 0x00000000c2900000, 0x00000000c2900000| Untracked 
|  42|0x00000000c2a00000, 0x00000000c2a00000, 0x00000000c2b00000|  0%| F|  |TAMS 0x00000000c2a00000, 0x00000000c2a00000| Untracked 
|  43|0x00000000c2b00000, 0x00000000c2b00000, 0x00000000c2c00000|  0%| F|  |TAMS 0x00000000c2b00000, 0x00000000c2b00000| Untracked 
|  44|0x00000000c2c00000, 0x00000000c2c00000, 0x00000000c2d00000|  0%| F|  |TAMS 0x00000000c2c00000, 0x00000000c2c00000| Untracked 
|  45|0x00000000c2d00000, 0x00000000c2d00000, 0x00000000c2e00000|  0%| F|  |TAMS 0x00000000c2d00000, 0x00000000c2d00000| Untracked 
|  46|0x00000000c2e00000, 0x00000000c2e00000, 0x00000000c2f00000|  0%| F|  |TAMS 0x00000000c2e00000, 0x00000000c2e00000| Untracked 
|  47|0x00000000c2f00000, 0x00000000c2f00000, 0x00000000c3000000|  0%| F|  |TAMS 0x00000000c2f00000, 0x00000000c2f00000| Untracked 
|  48|0x00000000c3000000, 0x00000000c3000000, 0x00000000c3100000|  0%| F|  |TAMS 0x00000000c3000000, 0x00000000c3000000| Untracked 
|  49|0x00000000c3100000, 0x00000000c3100000, 0x00000000c3200000|  0%| F|  |TAMS 0x00000000c3100000, 0x00000000c3100000| Untracked 
|  50|0x00000000c3200000, 0x00000000c3200000, 0x00000000c3300000|  0%| F|  |TAMS 0x00000000c3200000, 0x00000000c3200000| Untracked 
|  51|0x00000000c3300000, 0x00000000c3300000, 0x00000000c3400000|  0%| F|  |TAMS 0x00000000c3300000, 0x00000000c3300000| Untracked 
|  52|0x00000000c3400000, 0x00000000c3400000, 0x00000000c3500000|  0%| F|  |TAMS 0x00000000c3400000, 0x00000000c3400000| Untracked 
|  53|0x00000000c3500000, 0x00000000c3500000, 0x00000000c3600000|  0%| F|  |TAMS 0x00000000c3500000, 0x00000000c3500000| Untracked 
|  54|0x00000000c3600000, 0x00000000c3600000, 0x00000000c3700000|  0%| F|  |TAMS 0x00000000c3600000, 0x00000000c3600000| Untracked 
|  55|0x00000000c3700000, 0x00000000c3700000, 0x00000000c3800000|  0%| F|  |TAMS 0x00000000c3700000, 0x00000000c3700000| Untracked 
|  56|0x00000000c3800000, 0x00000000c3800000, 0x00000000c3900000|  0%| F|  |TAMS 0x00000000c3800000, 0x00000000c3800000| Untracked 
|  57|0x00000000c3900000, 0x00000000c3900000, 0x00000000c3a00000|  0%| F|  |TAMS 0x00000000c3900000, 0x00000000c3900000| Untracked 
|  58|0x00000000c3a00000, 0x00000000c3a00000, 0x00000000c3b00000|  0%| F|  |TAMS 0x00000000c3a00000, 0x00000000c3a00000| Untracked 
|  59|0x00000000c3b00000, 0x00000000c3b42938, 0x00000000c3c00000| 26%| E|  |TAMS 0x00000000c3b00000, 0x00000000c3b00000| Complete 

Card table byte_map: [0x00000238c9b40000,0x00000238c9d40000] _byte_map_base: 0x00000238c9540000

Marking Bits (Prev, Next): (CMBitMap*) 0x00000238c3f081d0, (CMBitMap*) 0x00000238c3f08210
 Prev Bits: [0x00000238c9f40000, 0x00000238caf40000)
 Next Bits: [0x00000238caf40000, 0x00000238cbf40000)

Polling page: 0x00000238c1e90000

Metaspace:

Usage:
  Non-class:     31.48 MB used.
      Class:      4.68 MB used.
       Both:     36.16 MB used.

Virtual space:
  Non-class space:       64.00 MB reserved,      31.81 MB ( 50%) committed,  1 nodes.
      Class space:        1.00 GB reserved,       4.88 MB ( <1%) committed,  1 nodes.
             Both:        1.06 GB reserved,      36.69 MB (  3%) committed. 

Chunk freelists:
   Non-Class:  15.63 MB
       Class:  11.07 MB
        Both:  26.70 MB

MaxMetaspaceSize: unlimited
CompressedClassSpaceSize: 1.00 GB
Initial GC threshold: 21.00 MB
Current GC threshold: 61.19 MB
CDS: off
MetaspaceReclaimPolicy: balanced
 - commit_granule_bytes: 65536.
 - commit_granule_words: 8192.
 - virtual_space_node_default_size: 8388608.
 - enlarge_chunks_in_place: 1.
 - new_chunks_are_fully_committed: 0.
 - uncommit_free_chunks: 1.
 - use_allocation_guard: 0.
 - handle_deallocations: 1.


Internal statistics:

num_allocs_failed_limit: 8.
num_arena_births: 464.
num_arena_deaths: 132.
num_vsnodes_births: 2.
num_vsnodes_deaths: 0.
num_space_committed: 587.
num_space_uncommitted: 0.
num_chunks_returned_to_freelist: 156.
num_chunks_taken_from_freelist: 1580.
num_chunk_merges: 53.
num_chunk_splits: 1070.
num_chunks_enlarged: 789.
num_inconsistent_stats: 0.

CodeCache: size=49152Kb used=6453Kb max_used=6993Kb free=42698Kb
 bounds [0x00000238c6b40000, 0x00000238c7220000, 0x00000238c9b40000]
 total_blobs=3962 nmethods=3427 adapters=461
 compilation: enabled
              stopped_count=0, restarted_count=0
 full_count=0

Compilation events (20 events):
Event: 200.205 Thread 0x00000238ce420920 3424       1       java.util.concurrent.ThreadPoolExecutor::runStateAtLeast (11 bytes)
Event: 200.207 Thread 0x00000238ce420920 nmethod 3424 0x00000238c6d95590 code [0x00000238c6d95720, 0x00000238c6d957d8]
Event: 204.606 Thread 0x00000238ce420920 3425       1       java.util.ArrayList::<init> (63 bytes)
Event: 204.631 Thread 0x00000238ce420920 nmethod 3425 0x00000238c6d95010 code [0x00000238c6d951e0, 0x00000238c6d954b8]
Event: 254.632 Thread 0x00000238ce420920 3426       1       java.util.concurrent.locks.AbstractQueuedSynchronizer::release (19 bytes)
Event: 254.645 Thread 0x00000238ce420920 nmethod 3426 0x00000238c6d94b10 code [0x00000238c6d94cc0, 0x00000238c6d94eb8]
Event: 263.338 Thread 0x00000238ce420920 3427       1       java.lang.invoke.DelegatingMethodHandle$Holder::reinvoke_L (20 bytes)
Event: 263.343 Thread 0x00000238ce420920 nmethod 3427 0x00000238c6d94710 code [0x00000238c6d948c0, 0x00000238c6d949f8]
Event: 273.575 Thread 0x00000238ce420920 3428       1       java.lang.System::checkKey (34 bytes)
Event: 273.583 Thread 0x00000238ce420920 nmethod 3428 0x00000238c6d94210 code [0x00000238c6d943c0, 0x00000238c6d945b8]
Event: 324.923 Thread 0x00000238ce420920 3429       1       java.util.concurrent.ThreadPoolExecutor::isShutdown (12 bytes)
Event: 324.927 Thread 0x00000238ce420920 nmethod 3429 0x00000238c6d93f10 code [0x00000238c6d940a0, 0x00000238c6d94198]
Event: 334.545 Thread 0x00000238ce420920 3430       1       java.util.concurrent.ScheduledThreadPoolExecutor::canRunInCurrentRunState (61 bytes)
Event: 334.552 Thread 0x00000238ce420920 nmethod 3430 0x00000238c6d93910 code [0x00000238c6d93ac0, 0x00000238c6d93d68]
Event: 345.662 Thread 0x00000238ce420920 3431       1       java.lang.ProcessImpl::needsEscaping (169 bytes)
Event: 345.686 Thread 0x00000238ce420920 nmethod 3431 0x00000238c6d92b90 code [0x00000238c6d92de0, 0x00000238c6d934e8]
Event: 345.686 Thread 0x00000238ce420920 3432       1       java.lang.ProcessImpl::unQuote (40 bytes)
Event: 345.688 Thread 0x00000238ce420920 nmethod 3432 0x00000238c6d92690 code [0x00000238c6d92840, 0x00000238c6d92a08]
Event: 374.632 Thread 0x00000238ce420920 3433       1       java.util.concurrent.TimeUnit::toNanos (45 bytes)
Event: 374.632 Thread 0x00000238ce420920 nmethod 3433 0x00000238c6d92290 code [0x00000238c6d92440, 0x00000238c6d925d8]

GC Heap History (20 events):
Event: 273.844 GC heap before
{Heap before GC invocations=29 (full 18):
 garbage-first heap   total 61440K, used 18083K [0x00000000c0000000, 0x0000000100000000)
  region size 1024K, 1 young (1024K), 0 survivors (0K)
 Metaspace       used 37024K, committed 37568K, reserved 1114112K
  class space    used 4790K, committed 4992K, reserved 1048576K
}
Event: 273.875 GC heap after
{Heap after GC invocations=30 (full 19):
 garbage-first heap   total 61440K, used 18083K [0x00000000c0000000, 0x0000000100000000)
  region size 1024K, 0 young (0K), 0 survivors (0K)
 Metaspace       used 37024K, committed 37568K, reserved 1114112K
  class space    used 4790K, committed 4992K, reserved 1048576K
}
Event: 284.065 GC heap before
{Heap before GC invocations=30 (full 19):
 garbage-first heap   total 61440K, used 18083K [0x00000000c0000000, 0x0000000100000000)
  region size 1024K, 1 young (1024K), 0 survivors (0K)
 Metaspace       used 37024K, committed 37568K, reserved 1114112K
  class space    used 4790K, committed 4992K, reserved 1048576K
}
Event: 284.088 GC heap after
{Heap after GC invocations=31 (full 20):
 garbage-first heap   total 61440K, used 18083K [0x00000000c0000000, 0x0000000100000000)
  region size 1024K, 0 young (0K), 0 survivors (0K)
 Metaspace       used 37024K, committed 37568K, reserved 1114112K
  class space    used 4790K, committed 4992K, reserved 1048576K
}
Event: 294.444 GC heap before
{Heap before GC invocations=31 (full 20):
 garbage-first heap   total 61440K, used 18083K [0x00000000c0000000, 0x0000000100000000)
  region size 1024K, 1 young (1024K), 0 survivors (0K)
 Metaspace       used 37024K, committed 37568K, reserved 1114112K
  class space    used 4790K, committed 4992K, reserved 1048576K
}
Event: 294.475 GC heap after
{Heap after GC invocations=32 (full 21):
 garbage-first heap   total 61440K, used 18083K [0x00000000c0000000, 0x0000000100000000)
  region size 1024K, 0 young (0K), 0 survivors (0K)
 Metaspace       used 37024K, committed 37568K, reserved 1114112K
  class space    used 4790K, committed 4992K, reserved 1048576K
}
Event: 304.686 GC heap before
{Heap before GC invocations=32 (full 21):
 garbage-first heap   total 61440K, used 18083K [0x00000000c0000000, 0x0000000100000000)
  region size 1024K, 1 young (1024K), 0 survivors (0K)
 Metaspace       used 37024K, committed 37568K, reserved 1114112K
  class space    used 4790K, committed 4992K, reserved 1048576K
}
Event: 304.719 GC heap after
{Heap after GC invocations=33 (full 22):
 garbage-first heap   total 61440K, used 18083K [0x00000000c0000000, 0x0000000100000000)
  region size 1024K, 0 young (0K), 0 survivors (0K)
 Metaspace       used 37024K, committed 37568K, reserved 1114112K
  class space    used 4790K, committed 4992K, reserved 1048576K
}
Event: 314.897 GC heap before
{Heap before GC invocations=33 (full 22):
 garbage-first heap   total 61440K, used 18083K [0x00000000c0000000, 0x0000000100000000)
  region size 1024K, 1 young (1024K), 0 survivors (0K)
 Metaspace       used 37024K, committed 37568K, reserved 1114112K
  class space    used 4790K, committed 4992K, reserved 1048576K
}
Event: 314.920 GC heap after
{Heap after GC invocations=34 (full 23):
 garbage-first heap   total 61440K, used 18083K [0x00000000c0000000, 0x0000000100000000)
  region size 1024K, 0 young (0K), 0 survivors (0K)
 Metaspace       used 37024K, committed 37568K, reserved 1114112K
  class space    used 4790K, committed 4992K, reserved 1048576K
}
Event: 325.127 GC heap before
{Heap before GC invocations=34 (full 23):
 garbage-first heap   total 61440K, used 18083K [0x00000000c0000000, 0x0000000100000000)
  region size 1024K, 1 young (1024K), 0 survivors (0K)
 Metaspace       used 37024K, committed 37568K, reserved 1114112K
  class space    used 4790K, committed 4992K, reserved 1048576K
}
Event: 325.170 GC heap after
{Heap after GC invocations=35 (full 24):
 garbage-first heap   total 61440K, used 18083K [0x00000000c0000000, 0x0000000100000000)
  region size 1024K, 0 young (0K), 0 survivors (0K)
 Metaspace       used 37024K, committed 37568K, reserved 1114112K
  class space    used 4790K, committed 4992K, reserved 1048576K
}
Event: 335.592 GC heap before
{Heap before GC invocations=35 (full 24):
 garbage-first heap   total 61440K, used 18083K [0x00000000c0000000, 0x0000000100000000)
  region size 1024K, 1 young (1024K), 0 survivors (0K)
 Metaspace       used 37024K, committed 37568K, reserved 1114112K
  class space    used 4790K, committed 4992K, reserved 1048576K
}
Event: 335.646 GC heap after
{Heap after GC invocations=36 (full 25):
 garbage-first heap   total 61440K, used 18083K [0x00000000c0000000, 0x0000000100000000)
  region size 1024K, 0 young (0K), 0 survivors (0K)
 Metaspace       used 37024K, committed 37568K, reserved 1114112K
  class space    used 4790K, committed 4992K, reserved 1048576K
}
Event: 346.007 GC heap before
{Heap before GC invocations=36 (full 25):
 garbage-first heap   total 61440K, used 18083K [0x00000000c0000000, 0x0000000100000000)
  region size 1024K, 1 young (1024K), 0 survivors (0K)
 Metaspace       used 37024K, committed 37568K, reserved 1114112K
  class space    used 4790K, committed 4992K, reserved 1048576K
}
Event: 346.069 GC heap after
{Heap after GC invocations=37 (full 26):
 garbage-first heap   total 61440K, used 18083K [0x00000000c0000000, 0x0000000100000000)
  region size 1024K, 0 young (0K), 0 survivors (0K)
 Metaspace       used 37024K, committed 37568K, reserved 1114112K
  class space    used 4790K, committed 4992K, reserved 1048576K
}
Event: 356.499 GC heap before
{Heap before GC invocations=37 (full 26):
 garbage-first heap   total 61440K, used 18083K [0x00000000c0000000, 0x0000000100000000)
  region size 1024K, 1 young (1024K), 0 survivors (0K)
 Metaspace       used 37024K, committed 37568K, reserved 1114112K
  class space    used 4790K, committed 4992K, reserved 1048576K
}
Event: 356.525 GC heap after
{Heap after GC invocations=38 (full 27):
 garbage-first heap   total 61440K, used 18083K [0x00000000c0000000, 0x0000000100000000)
  region size 1024K, 0 young (0K), 0 survivors (0K)
 Metaspace       used 37024K, committed 37568K, reserved 1114112K
  class space    used 4790K, committed 4992K, reserved 1048576K
}
Event: 366.999 GC heap before
{Heap before GC invocations=38 (full 27):
 garbage-first heap   total 61440K, used 18083K [0x00000000c0000000, 0x0000000100000000)
  region size 1024K, 1 young (1024K), 0 survivors (0K)
 Metaspace       used 37024K, committed 37568K, reserved 1114112K
  class space    used 4790K, committed 4992K, reserved 1048576K
}
Event: 367.032 GC heap after
{Heap after GC invocations=39 (full 28):
 garbage-first heap   total 61440K, used 18083K [0x00000000c0000000, 0x0000000100000000)
  region size 1024K, 0 young (0K), 0 survivors (0K)
 Metaspace       used 37024K, committed 37568K, reserved 1114112K
  class space    used 4790K, committed 4992K, reserved 1048576K
}

Dll operation events (7 events):
Event: 0.031 Loaded shared library c:\Users\haris\.vscode\extensions\redhat.java-1.20.0-win32-x64\jre\17.0.7-win32-x86_64\bin\java.dll
Event: 1.575 Loaded shared library C:\Users\haris\.vscode\extensions\redhat.java-1.20.0-win32-x64\jre\17.0.7-win32-x86_64\bin\net.dll
Event: 1.579 Loaded shared library C:\Users\haris\.vscode\extensions\redhat.java-1.20.0-win32-x64\jre\17.0.7-win32-x86_64\bin\nio.dll
Event: 1.840 Loaded shared library C:\Users\haris\.vscode\extensions\redhat.java-1.20.0-win32-x64\jre\17.0.7-win32-x86_64\bin\zip.dll
Event: 31.219 Loaded shared library C:\Users\haris\.vscode\extensions\redhat.java-1.20.0-win32-x64\jre\17.0.7-win32-x86_64\bin\jimage.dll
Event: 44.704 Loaded shared library C:\Users\haris\.vscode\extensions\redhat.java-1.20.0-win32-x64\jre\17.0.7-win32-x86_64\bin\management.dll
Event: 44.732 Loaded shared library C:\Users\haris\.vscode\extensions\redhat.java-1.20.0-win32-x64\jre\17.0.7-win32-x86_64\bin\management_ext.dll

Deoptimization events (8 events):
Event: 41.781 Thread 0x00000238c3ec93b0 DEOPT PACKING pc=0x00000238c701f699 sp=0x000000fd9c7fd0f0
Event: 41.781 Thread 0x00000238c3ec93b0 DEOPT UNPACKING pc=0x00000238c6b97143 sp=0x000000fd9c7fc5d0 mode 3
Event: 45.395 Thread 0x00000238d43222c0 DEOPT PACKING pc=0x00000238c7207eb5 sp=0x000000fd9e2fd340
Event: 45.395 Thread 0x00000238d43222c0 DEOPT UNPACKING pc=0x00000238c6b97143 sp=0x000000fd9e2fc868 mode 3
Event: 45.863 Thread 0x00000238d42fff70 DEOPT PACKING pc=0x00000238c6fcbf81 sp=0x000000fd9e1fdc20
Event: 45.863 Thread 0x00000238d42fff70 DEOPT UNPACKING pc=0x00000238c6b97143 sp=0x000000fd9e1fd0b0 mode 3
Event: 45.865 Thread 0x00000238d4344b70 DEOPT PACKING pc=0x00000238c6fa6217 sp=0x000000fd9e3feda0
Event: 45.865 Thread 0x00000238d4344b70 DEOPT UNPACKING pc=0x00000238c6b97143 sp=0x000000fd9e3fe1f8 mode 3

Classes unloaded (20 events):
Event: 106.401 Thread 0x00000238c3f7ed10 Unloading class 0x000000010021a800 'java/lang/invoke/LambdaForm$MH+0x000000010021a800'
Event: 106.401 Thread 0x00000238c3f7ed10 Unloading class 0x0000000100215000 'java/lang/invoke/LambdaForm$DMH+0x0000000100215000'
Event: 106.401 Thread 0x00000238c3f7ed10 Unloading class 0x0000000100091c00 'java/lang/invoke/LambdaForm$MH+0x0000000100091c00'
Event: 106.401 Thread 0x00000238c3f7ed10 Unloading class 0x0000000100091800 'java/lang/invoke/LambdaForm$MH+0x0000000100091800'
Event: 106.401 Thread 0x00000238c3f7ed10 Unloading class 0x0000000100091400 'java/lang/invoke/LambdaForm$MH+0x0000000100091400'
Event: 106.401 Thread 0x00000238c3f7ed10 Unloading class 0x0000000100091000 'java/lang/invoke/LambdaForm$MH+0x0000000100091000'
Event: 106.401 Thread 0x00000238c3f7ed10 Unloading class 0x0000000100090c00 'java/lang/invoke/LambdaForm$MH+0x0000000100090c00'
Event: 106.401 Thread 0x00000238c3f7ed10 Unloading class 0x0000000100090800 'java/lang/invoke/LambdaForm$MH+0x0000000100090800'
Event: 106.401 Thread 0x00000238c3f7ed10 Unloading class 0x0000000100090400 'java/lang/invoke/LambdaForm$MH+0x0000000100090400'
Event: 106.401 Thread 0x00000238c3f7ed10 Unloading class 0x0000000100090000 'java/lang/invoke/LambdaForm$MH+0x0000000100090000'
Event: 106.402 Thread 0x00000238c3f7ed10 Unloading class 0x000000010008b800 'java/lang/invoke/LambdaForm$MH+0x000000010008b800'
Event: 106.402 Thread 0x00000238c3f7ed10 Unloading class 0x000000010008b400 'java/lang/invoke/LambdaForm$MH+0x000000010008b400'
Event: 106.402 Thread 0x00000238c3f7ed10 Unloading class 0x000000010008b000 'java/lang/invoke/LambdaForm$MH+0x000000010008b000'
Event: 106.402 Thread 0x00000238c3f7ed10 Unloading class 0x000000010008ac00 'java/lang/invoke/LambdaForm$MH+0x000000010008ac00'
Event: 106.402 Thread 0x00000238c3f7ed10 Unloading class 0x000000010008a800 'java/lang/invoke/LambdaForm$MH+0x000000010008a800'
Event: 106.402 Thread 0x00000238c3f7ed10 Unloading class 0x000000010008a400 'java/lang/invoke/LambdaForm$MH+0x000000010008a400'
Event: 106.402 Thread 0x00000238c3f7ed10 Unloading class 0x0000000100089c00 'java/lang/invoke/LambdaForm$MH+0x0000000100089c00'
Event: 106.402 Thread 0x00000238c3f7ed10 Unloading class 0x0000000100089400 'java/lang/invoke/LambdaForm$MH+0x0000000100089400'
Event: 106.402 Thread 0x00000238c3f7ed10 Unloading class 0x0000000100088c00 'java/lang/invoke/LambdaForm$MH+0x0000000100088c00'
Event: 106.402 Thread 0x00000238c3f7ed10 Unloading class 0x0000000100088400 'java/lang/invoke/LambdaForm$MH+0x0000000100088400'

Classes redefined (0 events):
No events

Internal exceptions (20 events):
Event: 42.531 Thread 0x00000238c3ec93b0 Exception <a 'java/lang/NoSuchMethodError'{0x00000000c241d778}: 'java.lang.Object java.lang.invoke.DirectMethodHandle$Holder.invokeSpecial(java.lang.Object, java.lang.Object, java.lang.Object, java.lang.Object, java.lang.Object, java.lang.Object, java.lang.Object, java.lang.Object, java.lang.Object, java.lang.Object)'> (0x00000000c241d778) 
thrown [s\src\hotspot\share\interpreter\linkResolver.cpp, line 759]
Event: 42.531 Thread 0x00000238c3ec93b0 Exception <a 'java/lang/NoSuchMethodError'{0x00000000c2421d60}: 'java.lang.Object java.lang.invoke.Invokers$Holder.invoke_MT(java.lang.Object, java.lang.Object, java.lang.Object, java.lang.Object, java.lang.Object, java.lang.Object, java.lang.Object, java.lang.Object, java.lang.Object, java.lang.Object)'> (0x00000000c2421d60) 
thrown [s\src\hotspot\share\interpreter\linkResolver.cpp, line 759]
Event: 42.541 Thread 0x00000238c3ec93b0 Exception <a 'java/lang/NoSuchMethodError'{0x00000000c24671b0}: 'java.lang.Object java.lang.invoke.DirectMethodHandle$Holder.invokeSpecial(java.lang.Object, java.lang.Object, int, java.lang.Object, java.lang.Object)'> (0x00000000c24671b0) 
thrown [s\src\hotspot\share\interpreter\linkResolver.cpp, line 759]
Event: 42.541 Thread 0x00000238c3ec93b0 Exception <a 'java/lang/NoSuchMethodError'{0x00000000c246ae58}: 'java.lang.Object java.lang.invoke.DelegatingMethodHandle$Holder.delegate(java.lang.Object, int, java.lang.Object, java.lang.Object)'> (0x00000000c246ae58) 
thrown [s\src\hotspot\share\interpreter\linkResolver.cpp, line 759]
Event: 42.542 Thread 0x00000238c3ec93b0 Exception <a 'java/lang/NoSuchMethodError'{0x00000000c247bce0}: 'int java.lang.invoke.Invokers$Holder.linkToTargetMethod(java.lang.Object, java.lang.Object, java.lang.Object)'> (0x00000000c247bce0) 
thrown [s\src\hotspot\share\interpreter\linkResolver.cpp, line 759]
Event: 42.614 Thread 0x00000238c3ec93b0 Exception <a 'java/lang/NoSuchMethodError'{0x00000000c22e63c8}: 'void java.lang.invoke.DirectMethodHandle$Holder.invokeSpecial(java.lang.Object, java.lang.Object, java.lang.Object, java.lang.Object, java.lang.Object, java.lang.Object)'> (0x00000000c22e63c8) 
thrown [s\src\hotspot\share\interpreter\linkResolver.cpp, line 759]
Event: 42.667 Thread 0x00000238c3ec93b0 Exception <a 'java/lang/NoSuchMethodError'{0x00000000c3689670}: 'java.lang.Object java.lang.invoke.DirectMethodHandle$Holder.invokeStaticInit(java.lang.Object, int, int, int, int)'> (0x00000000c3689670) 
thrown [s\src\hotspot\share\interpreter\linkResolver.cpp, line 759]
Event: 42.866 Thread 0x00000238c3ec93b0 Exception <a 'java/lang/NoSuchMethodError'{0x00000000c3578628}: 'java.lang.Object java.lang.invoke.DirectMethodHandle$Holder.invokeStaticInit(java.lang.Object, java.lang.Object, int, int, int, int)'> (0x00000000c3578628) 
thrown [s\src\hotspot\share\interpreter\linkResolver.cpp, line 759]
Event: 43.471 Thread 0x00000238c3ec93b0 Exception <a 'java/lang/NoSuchMethodError'{0x00000000c2ef3a58}: 'void java.lang.invoke.DirectMethodHandle$Holder.invokeSpecialIFC(java.lang.Object, java.lang.Object, java.lang.Object)'> (0x00000000c2ef3a58) 
thrown [s\src\hotspot\share\interpreter\linkResolver.cpp, line 759]
Event: 44.089 Thread 0x00000238c3ec93b0 Exception <a 'java/lang/NoSuchMethodError'{0x00000000c31a9da0}: 'void java.lang.invoke.DirectMethodHandle$Holder.invokeSpecial(java.lang.Object, java.lang.Object, java.lang.Object, java.lang.Object, java.lang.Object, java.lang.Object, java.lang.Object)'> (0x00000000c31a9da0) 
thrown [s\src\hotspot\share\interpreter\linkResolver.cpp, line 759]
Event: 44.425 Thread 0x00000238c3ec93b0 Exception <a 'java/lang/NoSuchMethodError'{0x00000000c2e74210}: 'java.lang.Object java.lang.invoke.DirectMethodHandle$Holder.invokeInterface(java.lang.Object, java.lang.Object, int)'> (0x00000000c2e74210) 
thrown [s\src\hotspot\share\interpreter\linkResolver.cpp, line 759]
Event: 44.431 Thread 0x00000238c3ec93b0 Exception <a 'java/lang/IncompatibleClassChangeError'{0x00000000c2e86f88}: Found class java.lang.Object, but interface was expected> (0x00000000c2e86f88) 
thrown [s\src\hotspot\share\interpreter\linkResolver.cpp, line 826]
Event: 44.685 Thread 0x00000238c3ec93b0 Exception <a 'java/lang/NoSuchMethodError'{0x00000000c2a5e7f0}: 'java.lang.Object java.lang.invoke.DirectMethodHandle$Holder.newInvokeSpecial(java.lang.Object, java.lang.Object, int, java.lang.Object, java.lang.Object)'> (0x00000000c2a5e7f0) 
thrown [s\src\hotspot\share\interpreter\linkResolver.cpp, line 759]
Event: 44.686 Thread 0x00000238c3ec93b0 Exception <a 'java/lang/NoSuchMethodError'{0x00000000c2a70838}: 'java.lang.Object java.lang.invoke.DirectMethodHandle$Holder.invokeSpecial(java.lang.Object, java.lang.Object, int, java.lang.Object, int, java.lang.Object)'> (0x00000000c2a70838) 
thrown [s\src\hotspot\share\interpreter\linkResolver.cpp, line 759]
Event: 44.687 Thread 0x00000238c3ec93b0 Exception <a 'java/lang/NoSuchMethodError'{0x00000000c2a78640}: 'java.lang.Object java.lang.invoke.DirectMethodHandle$Holder.newInvokeSpecial(java.lang.Object, java.lang.Object, int, java.lang.Object, int)'> (0x00000000c2a78640) 
thrown [s\src\hotspot\share\interpreter\linkResolver.cpp, line 759]
Event: 44.687 Thread 0x00000238c3ec93b0 Exception <a 'java/lang/NoSuchMethodError'{0x00000000c2a7c740}: 'java.lang.Object java.lang.invoke.DirectMethodHandle$Holder.invokeSpecial(java.lang.Object, java.lang.Object, java.lang.Object, int, java.lang.Object, int)'> (0x00000000c2a7c740) 
thrown [s\src\hotspot\share\interpreter\linkResolver.cpp, line 759]
Event: 45.389 Thread 0x00000238d43222c0 Exception <a 'java/lang/NoSuchMethodError'{0x00000000c3cd9f50}: 'java.lang.Object java.lang.invoke.DirectMethodHandle$Holder.invokeStatic(java.lang.Object, int, java.lang.Object)'> (0x00000000c3cd9f50) 
thrown [s\src\hotspot\share\interpreter\linkResolver.cpp, line 759]
Event: 45.713 Thread 0x00000238d42fff70 Exception <a 'java/lang/NoSuchMethodError'{0x00000000c3cad478}: 'java.lang.Object java.lang.invoke.DirectMethodHandle$Holder.invokeStatic(java.lang.Object, java.lang.Object, java.lang.Object, int, java.lang.Object, java.lang.Object)'> (0x00000000c3cad478) 
thrown [s\src\hotspot\share\interpreter\linkResolver.cpp, line 759]
Event: 84.736 Thread 0x00000238d3be4050 Exception <a 'java/lang/NoSuchMethodError'{0x00000000c3ac2cc0}: 'void java.lang.invoke.DirectMethodHandle$Holder.invokeStatic(java.lang.Object, long)'> (0x00000000c3ac2cc0) 
thrown [s\src\hotspot\share\interpreter\linkResolver.cpp, line 759]
Event: 84.744 Thread 0x00000238d3be4050 Exception <a 'java/lang/NoSuchMethodError'{0x00000000c3ac8068}: 'java.lang.Object java.lang.invoke.DirectMethodHandle$Holder.newInvokeSpecial(java.lang.Object, long)'> (0x00000000c3ac8068) 
thrown [s\src\hotspot\share\interpreter\linkResolver.cpp, line 759]

VM Operations (20 events):
Event: 273.876 Executing VM operation: G1CollectFull done
Event: 284.065 Executing VM operation: G1CollectFull
Event: 284.089 Executing VM operation: G1CollectFull done
Event: 294.444 Executing VM operation: G1CollectFull
Event: 294.475 Executing VM operation: G1CollectFull done
Event: 304.685 Executing VM operation: G1CollectFull
Event: 304.720 Executing VM operation: G1CollectFull done
Event: 314.897 Executing VM operation: G1CollectFull
Event: 314.920 Executing VM operation: G1CollectFull done
Event: 325.127 Executing VM operation: G1CollectFull
Event: 325.170 Executing VM operation: G1CollectFull done
Event: 335.592 Executing VM operation: G1CollectFull
Event: 335.646 Executing VM operation: G1CollectFull done
Event: 346.007 Executing VM operation: G1CollectFull
Event: 346.069 Executing VM operation: G1CollectFull done
Event: 356.499 Executing VM operation: G1CollectFull
Event: 356.525 Executing VM operation: G1CollectFull done
Event: 366.999 Executing VM operation: G1CollectFull
Event: 367.033 Executing VM operation: G1CollectFull done
Event: 378.955 Executing VM operation: G1CollectFull

Events (20 events):
Event: 45.406 loading class java/util/concurrent/ForkJoinWorkerThread
Event: 45.406 loading class java/util/concurrent/ForkJoinWorkerThread done
Event: 45.768 loading class java/util/concurrent/CompletableFuture$AsyncRun
Event: 45.769 loading class java/util/concurrent/CompletableFuture$AsyncRun done
Event: 45.772 Thread 0x00000238d4344b70 Thread added: 0x00000238d4344b70
Event: 45.862 loading class java/util/concurrent/locks/AbstractQueuedSynchronizer$ExclusiveNode
Event: 45.863 loading class java/util/concurrent/locks/AbstractQueuedSynchronizer$ExclusiveNode done
Event: 51.028 Thread 0x00000238ce968790 Thread exited: 0x00000238ce968790
Event: 84.715 loading class java/lang/ProcessBuilder
Event: 84.720 loading class java/lang/ProcessBuilder done
Event: 84.720 loading class java/lang/ProcessImpl
Event: 84.721 loading class java/lang/ProcessImpl done
Event: 84.745 loading class java/lang/ProcessImpl$2
Event: 84.745 loading class java/lang/ProcessImpl$2 done
Event: 84.745 loading class java/lang/Process$PipeInputStream
Event: 84.745 loading class java/lang/Process$PipeInputStream done
Event: 84.759 loading class jdk/internal/event/ProcessStartEvent
Event: 84.760 loading class jdk/internal/event/ProcessStartEvent done
Event: 85.001 loading class java/io/FileOutputStream$1
Event: 85.001 loading class java/io/FileOutputStream$1 done


Dynamic libraries:
0x00007ff63a3b0000 - 0x00007ff63a3be000 	c:\Users\haris\.vscode\extensions\redhat.java-1.20.0-win32-x64\jre\17.0.7-win32-x86_64\bin\java.exe
0x00007ffa352d0000 - 0x00007ffa354e4000 	C:\WINDOWS\SYSTEM32\ntdll.dll
0x00007ffa0b9d0000 - 0x00007ffa0b9e9000 	C:\Program Files\Avast Software\Avast\aswhook.dll
0x00007ffa34100000 - 0x00007ffa341c2000 	C:\WINDOWS\System32\KERNEL32.DLL
0x00007ffa32770000 - 0x00007ffa32b13000 	C:\WINDOWS\System32\KERNELBASE.dll
0x00007ffa32cd0000 - 0x00007ffa32de1000 	C:\WINDOWS\System32\ucrtbase.dll
0x00007ffa22120000 - 0x00007ffa22137000 	c:\Users\haris\.vscode\extensions\redhat.java-1.20.0-win32-x64\jre\17.0.7-win32-x86_64\bin\jli.dll
0x00007ffa33880000 - 0x00007ffa33a2b000 	C:\WINDOWS\System32\USER32.dll
0x00007ffa32f10000 - 0x00007ffa32f36000 	C:\WINDOWS\System32\win32u.dll
0x00007ffa349d0000 - 0x00007ffa349f9000 	C:\WINDOWS\System32\GDI32.dll
0x00007ffa32df0000 - 0x00007ffa32f09000 	C:\WINDOWS\System32\gdi32full.dll
0x00007ffa326d0000 - 0x00007ffa3276a000 	C:\WINDOWS\System32\msvcp_win.dll
0x00007ffa1eea0000 - 0x00007ffa1eeb9000 	c:\Users\haris\.vscode\extensions\redhat.java-1.20.0-win32-x64\jre\17.0.7-win32-x86_64\bin\VCRUNTIME140.dll
0x00007ffa228b0000 - 0x00007ffa22b3e000 	C:\WINDOWS\WinSxS\amd64_microsoft.windows.common-controls_6595b64144ccf1df_6.0.22621.1635_none_270f70857386168e\COMCTL32.dll
0x00007ffa34690000 - 0x00007ffa34737000 	C:\WINDOWS\System32\msvcrt.dll
0x00007ffa34a50000 - 0x00007ffa34a81000 	C:\WINDOWS\System32\IMM32.DLL
0x00007ffa22bf0000 - 0x00007ffa22bfc000 	c:\Users\haris\.vscode\extensions\redhat.java-1.20.0-win32-x64\jre\17.0.7-win32-x86_64\bin\vcruntime140_1.dll
0x00007ffa01500000 - 0x00007ffa01591000 	c:\Users\haris\.vscode\extensions\redhat.java-1.20.0-win32-x64\jre\17.0.7-win32-x86_64\bin\msvcp140.dll
0x00007ff9be880000 - 0x00007ff9bf4c8000 	c:\Users\haris\.vscode\extensions\redhat.java-1.20.0-win32-x64\jre\17.0.7-win32-x86_64\bin\server\jvm.dll
0x00007ffa34050000 - 0x00007ffa340fe000 	C:\WINDOWS\System32\ADVAPI32.dll
0x00007ffa332c0000 - 0x00007ffa33364000 	C:\WINDOWS\System32\sechost.dll
0x00007ffa33a30000 - 0x00007ffa33b47000 	C:\WINDOWS\System32\RPCRT4.dll
0x00007ffa1de80000 - 0x00007ffa1de89000 	C:\WINDOWS\SYSTEM32\WSOCK32.dll
0x00007ffa34820000 - 0x00007ffa34891000 	C:\WINDOWS\System32\WS2_32.dll
0x00007ffa293b0000 - 0x00007ffa293e4000 	C:\WINDOWS\SYSTEM32\WINMM.dll
0x00007ffa2b490000 - 0x00007ffa2b49a000 	C:\WINDOWS\SYSTEM32\VERSION.dll
0x00007ffa31720000 - 0x00007ffa31738000 	C:\WINDOWS\SYSTEM32\kernel.appcore.dll
0x00007ffa1e3b0000 - 0x00007ffa1e3ba000 	c:\Users\haris\.vscode\extensions\redhat.java-1.20.0-win32-x64\jre\17.0.7-win32-x86_64\bin\jimage.dll
0x00007ffa2fd00000 - 0x00007ffa2ff2e000 	C:\WINDOWS\SYSTEM32\DBGHELP.DLL
0x00007ffa334f0000 - 0x00007ffa33879000 	C:\WINDOWS\System32\combase.dll
0x00007ffa34740000 - 0x00007ffa34817000 	C:\WINDOWS\System32\OLEAUT32.dll
0x00007ffa25ff0000 - 0x00007ffa26022000 	C:\WINDOWS\SYSTEM32\dbgcore.DLL
0x00007ffa32c50000 - 0x00007ffa32ccb000 	C:\WINDOWS\System32\bcryptPrimitives.dll
0x00007ffa01b70000 - 0x00007ffa01b95000 	c:\Users\haris\.vscode\extensions\redhat.java-1.20.0-win32-x64\jre\17.0.7-win32-x86_64\bin\java.dll
0x00007ffa1e290000 - 0x00007ffa1e2a8000 	c:\Users\haris\.vscode\extensions\redhat.java-1.20.0-win32-x64\jre\17.0.7-win32-x86_64\bin\zip.dll
0x00007ffa34a90000 - 0x00007ffa3528a000 	C:\WINDOWS\System32\SHELL32.dll
0x00007ffa306d0000 - 0x00007ffa30f9e000 	C:\WINDOWS\SYSTEM32\windows.storage.dll
0x00007ffa30590000 - 0x00007ffa306ce000 	C:\WINDOWS\SYSTEM32\wintypes.dll
0x00007ffa33110000 - 0x00007ffa33201000 	C:\WINDOWS\System32\SHCORE.dll
0x00007ffa330b0000 - 0x00007ffa3310e000 	C:\WINDOWS\System32\shlwapi.dll
0x00007ffa32600000 - 0x00007ffa32621000 	C:\WINDOWS\SYSTEM32\profapi.dll
0x00007ffa199b0000 - 0x00007ffa199c9000 	C:\Users\haris\.vscode\extensions\redhat.java-1.20.0-win32-x64\jre\17.0.7-win32-x86_64\bin\net.dll
0x00007ffa29760000 - 0x00007ffa29897000 	C:\WINDOWS\SYSTEM32\WINHTTP.dll
0x00007ffa31b90000 - 0x00007ffa31bf9000 	C:\WINDOWS\system32\mswsock.dll
0x00007ffa18de0000 - 0x00007ffa18df5000 	C:\Users\haris\.vscode\extensions\redhat.java-1.20.0-win32-x64\jre\17.0.7-win32-x86_64\bin\nio.dll
0x00007ffa31e00000 - 0x00007ffa31e1b000 	C:\WINDOWS\SYSTEM32\CRYPTSP.dll
0x00007ffa31690000 - 0x00007ffa316c5000 	C:\WINDOWS\system32\rsaenh.dll
0x00007ffa31c90000 - 0x00007ffa31cb8000 	C:\WINDOWS\SYSTEM32\USERENV.dll
0x00007ffa32020000 - 0x00007ffa32048000 	C:\WINDOWS\SYSTEM32\bcrypt.dll
0x00007ffa31df0000 - 0x00007ffa31dfc000 	C:\WINDOWS\SYSTEM32\CRYPTBASE.dll
0x00007ffa31240000 - 0x00007ffa3126d000 	C:\WINDOWS\SYSTEM32\IPHLPAPI.DLL
0x00007ffa34670000 - 0x00007ffa34679000 	C:\WINDOWS\System32\NSI.dll
0x00007ffa29970000 - 0x00007ffa29989000 	C:\WINDOWS\SYSTEM32\dhcpcsvc6.DLL
0x00007ffa29740000 - 0x00007ffa2975f000 	C:\WINDOWS\SYSTEM32\dhcpcsvc.DLL
0x00007ffa312c0000 - 0x00007ffa313b3000 	C:\WINDOWS\SYSTEM32\DNSAPI.dll
0x00007ffa124c0000 - 0x00007ffa124c9000 	C:\Users\haris\.vscode\extensions\redhat.java-1.20.0-win32-x64\jre\17.0.7-win32-x86_64\bin\management.dll
0x00007ffa123e0000 - 0x00007ffa123eb000 	C:\Users\haris\.vscode\extensions\redhat.java-1.20.0-win32-x64\jre\17.0.7-win32-x86_64\bin\management_ext.dll
0x00007ffa341d0000 - 0x00007ffa341d8000 	C:\WINDOWS\System32\PSAPI.DLL

dbghelp: loaded successfully - version: 4.0.5 - missing functions: none
symbol engine: initialized successfully - sym options: 0x614 - pdb path: .;c:\Users\haris\.vscode\extensions\redhat.java-1.20.0-win32-x64\jre\17.0.7-win32-x86_64\bin;C:\WINDOWS\SYSTEM32;C:\Program Files\Avast Software\Avast;C:\WINDOWS\WinSxS\amd64_microsoft.windows.common-controls_6595b64144ccf1df_6.0.22621.1635_none_270f70857386168e;c:\Users\haris\.vscode\extensions\redhat.java-1.20.0-win32-x64\jre\17.0.7-win32-x86_64\bin\server

VM Arguments:
jvm_args: -XX:+HeapDumpOnOutOfMemoryError -Xmx1024m -Dsts.lsp.client=vscode -Dsts.log.file=/dev/null -XX:TieredStopAtLevel=1 -Xlog:jni+resolve=off -Dspring.config.location=file:c:\Users\haris\.vscode\extensions\vmware.vscode-spring-boot-1.47.0\language-server\BOOT-INF\classes\application.properties 
java_command: org.springframework.ide.vscode.boot.app.BootLanguageServerBootApp
java_class_path (initial): c:\Users\haris\.vscode\extensions\vmware.vscode-spring-boot-1.47.0\language-server\BOOT-INF\classes;c:\Users\haris\.vscode\extensions\vmware.vscode-spring-boot-1.47.0\language-server\BOOT-INF\lib\annotations-24.0.1.jar;c:\Users\haris\.vscode\extensions\vmware.vscode-spring-boot-1.47.0\language-server\BOOT-INF\lib\antlr-runtime-3.5.3.jar;c:\Users\haris\.vscode\extensions\vmware.vscode-spring-boot-1.47.0\language-server\BOOT-INF\lib\antlr4-4.11.1.jar;c:\Users\haris\.vscode\extensions\vmware.vscode-spring-boot-1.47.0\language-server\BOOT-INF\lib\antlr4-runtime-4.11.1.jar;c:\Users\haris\.vscode\extensions\vmware.vscode-spring-boot-1.47.0\language-server\BOOT-INF\lib\aopalliance-1.0.jar;c:\Users\haris\.vscode\extensions\vmware.vscode-spring-boot-1.47.0\language-server\BOOT-INF\lib\asm-9.5.jar;c:\Users\haris\.vscode\extensions\vmware.vscode-spring-boot-1.47.0\language-server\BOOT-INF\lib\asm-analysis-9.5.jar;c:\Users\haris\.vscode\extensions\vmware.vscode-spring-boot-1.47.0\language-server\BOOT-INF\lib\asm-tree-9.5.jar;c:\Users\haris\.vscode\extensions\vmware.vscode-spring-boot-1.47.0\language-server\BOOT-INF\lib\asm-util-9.5.jar;c:\Users\haris\.vscode\extensions\vmware.vscode-spring-boot-1.47.0\language-server\BOOT-INF\lib\auto-common-1.2.1.jar;c:\Users\haris\.vscode\extensions\vmware.vscode-spring-boot-1.47.0\language-server\BOOT-INF\lib\auto-value-annotations-1.9.jar;c:\Users\haris\.vscode\extensions\vmware.vscode-spring-boot-1.47.0\language-server\BOOT-INF\lib\caffeine-3.1.2.jar;c:\Users\haris\.vscode\extensions\vmware.vscode-spring-boot-1.47.0\language-server\BOOT-INF\lib\checker-qual-3.12.0.jar;c:\Users\haris\.vscode\extensions\vmware.vscode-spring-boot-1.47.0\language-server\BOOT-INF\lib\classgraph-4.8.149.jar;c:\Users\haris\.vscode\extensions\vmware.vscode-spring-boot-1.47.0\language-server\BOOT-INF\lib\commons-codec-1.15.jar;c:\Users\haris\.vscode\extensions\vmware.vscode-spring-boot-1.47.0\language-server\BOOT-INF\lib\commons-compres
Launcher Type: SUN_STANDARD

[Global flags]
     intx CICompilerCount                          = 3                                         {product} {ergonomic}
     uint ConcGCThreads                            = 1                                         {product} {ergonomic}
     uint G1ConcRefinementThreads                  = 4                                         {product} {ergonomic}
   size_t G1HeapRegionSize                         = 1048576                                   {product} {ergonomic}
    uintx GCDrainStackTargetSize                   = 64                                        {product} {ergonomic}
     bool HeapDumpOnOutOfMemoryError               = true                                   {manageable} {command line}
   size_t InitialHeapSize                          = 58720256                                  {product} {ergonomic}
   size_t MarkStackSize                            = 4194304                                   {product} {ergonomic}
   size_t MaxHeapSize                              = 1073741824                                {product} {command line}
   size_t MaxNewSize                               = 643825664                                 {product} {ergonomic}
   size_t MinHeapDeltaBytes                        = 1048576                                   {product} {ergonomic}
   size_t MinHeapSize                              = 8388608                                   {product} {ergonomic}
    uintx NonProfiledCodeHeapSize                  = 0                                      {pd product} {ergonomic}
     bool ProfileInterpreter                       = false                                  {pd product} {command line}
    uintx ProfiledCodeHeapSize                     = 0                                      {pd product} {ergonomic}
   size_t SoftMaxHeapSize                          = 1073741824                             {manageable} {ergonomic}
     intx TieredStopAtLevel                        = 1                                         {product} {command line}
     bool UseCompressedClassPointers               = true                           {product lp64_product} {ergonomic}
     bool UseCompressedOops                        = true                           {product lp64_product} {ergonomic}
     bool UseG1GC                                  = true                                      {product} {ergonomic}
     bool UseLargePagesIndividualAllocation        = false                                  {pd product} {ergonomic}

Logging:
Log output configuration:
 #0: stdout all=warning,jni+resolve=off uptime,level,tags
 #1: stderr all=off uptime,level,tags

Environment Variables:
JAVA_HOME=C:\Users\haris\.jdks\openjdk-19
PATH=C:\oraclexe\app\oracle\product\11.2.0\server\bin;C:\Program Files\Common Files\Oracle\Java\javapath;C:\WINDOWS\system32;C:\WINDOWS;C:\WINDOWS\System32\Wbem;C:\WINDOWS\System32\WindowsPowerShell\v1.0\;C:\WINDOWS\System32\OpenSSH\;C:\Program Files (x86)\dotnet\;C:\Program Files\Git\cmd;C:\Users\haris\AppData\Local\Microsoft\WindowsApps;;C:\Users\haris\AppData\Local\Programs\Microsoft VS Code\bin;C:\Program Files\JetBrains\IntelliJ IDEA Community Edition 2022.2.3\bin;;C:\Program Files\heroku\bin
USERNAME=haris
OS=Windows_NT
PROCESSOR_IDENTIFIER=AMD64 Family 23 Model 24 Stepping 1, AuthenticAMD
TMP=C:\Users\haris\AppData\Local\Temp
TEMP=C:\Users\haris\AppData\Local\Temp



---------------  S Y S T E M  ---------------

OS:
 Windows 11 , 64 bit Build 22621 (10.0.22621.1778)
OS uptime: 4 days 15:46 hours

CPU: total 4 (initial active 4) (4 cores per cpu, 2 threads per core) family 23 model 24 stepping 1 microcode 0x0, cx8, cmov, fxsr, ht, mmx, 3dnowpref, sse, sse2, sse3, ssse3, sse4a, sse4.1, sse4.2, popcnt, lzcnt, tsc, tscinvbit, avx, avx2, aes, clmul, bmi1, bmi2, adx, sha, fma, vzeroupper, clflush, clflushopt

Memory: 4k page, system-wide physical 3521M (275M free)
TotalPageFile size 14273M (AvailPageFile size 4M)
current process WorkingSet (physical memory assigned to process): 41M, peak: 136M
current process commit charge ("private bytes"): 179M, peak: 195M

vm_info: OpenJDK 64-Bit Server VM (17.0.7+7) for windows-amd64 JRE (17.0.7+7), built on Apr 18 2023 22:10:42 by "temurin" with MS VC++ 16.7 (VS2019)

END.
