#
# There is insufficient memory for the Java Runtime Environment to continue.
# Native memory allocation (malloc) failed to allocate 2097152 bytes for AllocateHeap
# Possible reasons:
#   The system is out of physical RAM or swap space
#   The process is running with CompressedOops enabled, and the Java Heap may be blocking the growth of the native heap
# Possible solutions:
#   Reduce memory load on the system
#   Increase physical memory or swap space
#   Check if swap backing store is full
#   Decrease Java heap size (-Xmx/-Xms)
#   Decrease number of Java threads
#   Decrease Java thread stack sizes (-Xss)
#   Set larger code cache with -XX:ReservedCodeCacheSize=
#   JVM is running with Unscaled Compressed Oops mode in which the Java heap is
#     placed in the first 4GB address space. The Java Heap base address is the
#     maximum limit for the native heap growth. Please use -XX:HeapBaseMinAddress
#     to set the Java Heap base and to place the Java Heap above 4GB virtual address.
# This output file may be truncated or incomplete.
#
#  Out of Memory Error (allocation.cpp:44), pid=19124, tid=1392
#
# JRE version: OpenJDK Runtime Environment Temurin-17.0.7+7 (17.0.7+7) (build 17.0.7+7)
# Java VM: OpenJDK 64-Bit Server VM Temurin-17.0.7+7 (17.0.7+7, mixed mode, emulated-client, tiered, compressed oops, compressed class ptrs, g1 gc, windows-amd64)
# No core dump will be written. Minidumps are not enabled by default on client versions of Windows
#

---------------  S U M M A R Y ------------

Command Line: -XX:+HeapDumpOnOutOfMemoryError -Xmx1024m -Dsts.lsp.client=vscode -Dsts.log.file=/dev/null -XX:TieredStopAtLevel=1 -Xlog:jni+resolve=off -Dspring.config.location=file:c:\Users\haris\.vscode\extensions\vmware.vscode-spring-boot-1.47.0\language-server\BOOT-INF\classes\application.properties org.springframework.ide.vscode.boot.app.BootLanguageServerBootApp

Host: AMD Ryzen 3 3250U with Radeon Graphics         , 4 cores, 3G,  Windows 11 , 64 bit Build 22621 (10.0.22621.1778)
Time: Fri Jul  7 16:23:54 2023 Malay Peninsula Standard Time elapsed time: 1016.897218 seconds (0d 0h 16m 56s)

---------------  T H R E A D  ---------------

Current thread (0x000001d4c0b5daa0):  VMThread "VM Thread" [stack: 0x0000009d45000000,0x0000009d45100000] [id=1392]

Stack: [0x0000009d45000000,0x0000009d45100000]
Native frames: (J=compiled Java code, j=interpreted, Vv=VM code, C=native code)
V  [jvm.dll+0x67754a]
V  [jvm.dll+0x834304]
V  [jvm.dll+0x835aae]
V  [jvm.dll+0x836113]
V  [jvm.dll+0x24696f]
V  [jvm.dll+0xa681f]
V  [jvm.dll+0x2f7481]
V  [jvm.dll+0x2f30f0]
V  [jvm.dll+0x2db6c7]
V  [jvm.dll+0x31e777]
V  [jvm.dll+0x83a5bb]
V  [jvm.dll+0x83b2f4]
V  [jvm.dll+0x83b80c]
V  [jvm.dll+0x83bbe4]
V  [jvm.dll+0x83bcb0]
V  [jvm.dll+0x7e4e7a]
V  [jvm.dll+0x676395]
C  [ucrtbase.dll+0x29363]
C  [KERNEL32.DLL+0x126ad]
C  [ntdll.dll+0x5a9f8]

VM_Operation (0x0000009d463fed40): G1CollectFull, mode: safepoint, requested by thread 0x000001d4cbcb6830


---------------  P R O C E S S  ---------------

Threads class SMR info:
_java_thread_list=0x000001d4d0a8bae0, length=18, elements={
0x000001d4cafd9150, 0x000001d4cafda3b0, 0x000001d4cb00db50, 0x000001d4cb00e820,
0x000001d4cb0110f0, 0x000001d4cb013190, 0x000001d4cb01e840, 0x000001d4cb027d20,
0x000001d4cb32d860, 0x000001d4cb3333e0, 0x000001d4d090f430, 0x000001d4cbcb6360,
0x000001d4cbcb6830, 0x000001d4cbbc4690, 0x000001d4c0aab360, 0x000001d4d09c0750,
0x000001d4cbafa050, 0x000001d4d06c74e0
}

Java Threads: ( => current thread )
  0x000001d4cafd9150 JavaThread "Reference Handler" daemon [_thread_blocked, id=15232, stack(0x0000009d45100000,0x0000009d45200000)]
  0x000001d4cafda3b0 JavaThread "Finalizer" daemon [_thread_blocked, id=18752, stack(0x0000009d45200000,0x0000009d45300000)]
  0x000001d4cb00db50 JavaThread "Signal Dispatcher" daemon [_thread_blocked, id=9616, stack(0x0000009d45300000,0x0000009d45400000)]
  0x000001d4cb00e820 JavaThread "Attach Listener" daemon [_thread_blocked, id=12584, stack(0x0000009d45400000,0x0000009d45500000)]
  0x000001d4cb0110f0 JavaThread "Service Thread" daemon [_thread_blocked, id=2784, stack(0x0000009d45500000,0x0000009d45600000)]
  0x000001d4cb013190 JavaThread "Monitor Deflation Thread" daemon [_thread_blocked, id=5360, stack(0x0000009d45600000,0x0000009d45700000)]
  0x000001d4cb01e840 JavaThread "C1 CompilerThread0" daemon [_thread_blocked, id=20308, stack(0x0000009d45700000,0x0000009d45800000)]
  0x000001d4cb027d20 JavaThread "Sweeper thread" daemon [_thread_blocked, id=13040, stack(0x0000009d45800000,0x0000009d45900000)]
  0x000001d4cb32d860 JavaThread "Notification Thread" daemon [_thread_blocked, id=16624, stack(0x0000009d45a00000,0x0000009d45b00000)]
  0x000001d4cb3333e0 JavaThread "Common-Cleaner" daemon [_thread_blocked, id=23532, stack(0x0000009d45c00000,0x0000009d45d00000)]
  0x000001d4d090f430 JavaThread "boundedElastic-evictor-1" daemon [_thread_blocked, id=9396, stack(0x0000009d46100000,0x0000009d46200000)]
  0x000001d4cbcb6360 JavaThread "boundedElastic-evictor-2" daemon [_thread_blocked, id=16344, stack(0x0000009d46200000,0x0000009d46300000)]
  0x000001d4cbcb6830 JavaThread "pool-10-thread-1" [_thread_blocked, id=9552, stack(0x0000009d46300000,0x0000009d46400000)]
  0x000001d4cbbc4690 JavaThread "LanguageServerApp-lifecycle" [_thread_blocked, id=10360, stack(0x0000009d46400000,0x0000009d46500000)]
  0x000001d4c0aab360 JavaThread "DestroyJavaVM" [_thread_blocked, id=21652, stack(0x0000009d44a00000,0x0000009d44b00000)]
  0x000001d4d09c0750 JavaThread "pool-11-thread-1" [_thread_in_native, id=12060, stack(0x0000009d46500000,0x0000009d46600000)]
  0x000001d4cbafa050 JavaThread "Simple-Language-Server main thread" daemon [_thread_blocked, id=17864, stack(0x0000009d46600000,0x0000009d46700000)]
  0x000001d4d06c74e0 JavaThread "pool-6-thread-1" [_thread_blocked, id=13024, stack(0x0000009d46700000,0x0000009d46800000)]

Other Threads:
=>0x000001d4c0b5daa0 VMThread "VM Thread" [stack: 0x0000009d45000000,0x0000009d45100000] [id=1392]
  0x000001d4cb333150 WatcherThread [stack: 0x0000009d45b00000,0x0000009d45c00000] [id=18136]
  0x000001d4c0ae8970 GCTaskThread "GC Thread#0" [stack: 0x0000009d44b00000,0x0000009d44c00000] [id=22816]
  0x000001d4cb96d4c0 GCTaskThread "GC Thread#1" [stack: 0x0000009d45e00000,0x0000009d45f00000] [id=22972]
  0x000001d4cba391c0 GCTaskThread "GC Thread#2" [stack: 0x0000009d45f00000,0x0000009d46000000] [id=20796]
  0x000001d4d0034080 GCTaskThread "GC Thread#3" [stack: 0x0000009d46000000,0x0000009d46100000] [id=18788]
  0x000001d4c0af17c0 ConcurrentGCThread "G1 Main Marker" [stack: 0x0000009d44c00000,0x0000009d44d00000] [id=5900]
  0x000001d4c0af20e0 ConcurrentGCThread "G1 Conc#0" [stack: 0x0000009d44d00000,0x0000009d44e00000] [id=17200]
  0x000001d4c0b2dd70 ConcurrentGCThread "G1 Refine#0" [stack: 0x0000009d44e00000,0x0000009d44f00000] [id=22096]
  0x000001d4c0b2e6a0 ConcurrentGCThread "G1 Service" [stack: 0x0000009d44f00000,0x0000009d45000000] [id=18872]

Threads with active compile tasks:

VM state: at safepoint (normal execution)

VM Mutex/Monitor currently owned by a thread:  ([mutex/lock_event])
[0x000001d4be8dbd90] Threads_lock - owner thread: 0x000001d4c0b5daa0
[0x000001d4c0aa7ca0] Heap_lock - owner thread: 0x000001d4cbcb6830

Heap address: 0x00000000c0000000, size: 1024 MB, Compressed Oops mode: 32-bit

CDS archive(s) not mapped
Compressed class space mapped at: 0x0000000100000000-0x0000000140000000, reserved size: 1073741824
Narrow klass base: 0x0000000000000000, Narrow klass shift: 3, Narrow klass range: 0x140000000

GC Precious Log:
 CPUs: 4 total, 4 available
 Memory: 3521M
 Large Page Support: Disabled
 NUMA Support: Disabled
 Compressed Oops: Enabled (32-bit)
 Heap Region Size: 1M
 Heap Min Capacity: 8M
 Heap Initial Capacity: 56M
 Heap Max Capacity: 1G
 Pre-touch: Disabled
 Parallel Workers: 4
 Concurrent Workers: 1
 Concurrent Refinement Workers: 4
 Periodic GC: Disabled

Heap:
 garbage-first heap   total 57344K, used 18040K [0x00000000c0000000, 0x0000000100000000)
  region size 1024K, 1 young (1024K), 0 survivors (0K)
 Metaspace       used 37018K, committed 37568K, reserved 1114112K
  class space    used 4785K, committed 4992K, reserved 1048576K

Heap Regions: E=young(eden), S=young(survivor), O=old, HS=humongous(starts), HC=humongous(continues), CS=collection set, F=free, OA=open archive, CA=closed archive, TAMS=top-at-mark-start (previous, next)
|   0|0x00000000c0000000, 0x00000000c0100000, 0x00000000c0100000|100%|HS|  |TAMS 0x00000000c0100000, 0x00000000c0000000| Untracked 
|   1|0x00000000c0100000, 0x00000000c01fe090, 0x00000000c0200000| 99%| O|  |TAMS 0x00000000c01fe090, 0x00000000c0100000| Untracked 
|   2|0x00000000c0200000, 0x00000000c02fffe8, 0x00000000c0300000| 99%| O|  |TAMS 0x00000000c02fffe8, 0x00000000c0200000| Untracked 
|   3|0x00000000c0300000, 0x00000000c03ffa58, 0x00000000c0400000| 99%| O|  |TAMS 0x00000000c03ffa58, 0x00000000c0300000| Untracked 
|   4|0x00000000c0400000, 0x00000000c0500000, 0x00000000c0500000|100%| O|  |TAMS 0x00000000c0500000, 0x00000000c0400000| Untracked 
|   5|0x00000000c0500000, 0x00000000c0600000, 0x00000000c0600000|100%| O|  |TAMS 0x00000000c0600000, 0x00000000c0500000| Untracked 
|   6|0x00000000c0600000, 0x00000000c0700000, 0x00000000c0700000|100%| O|  |TAMS 0x00000000c0700000, 0x00000000c0600000| Untracked 
|   7|0x00000000c0700000, 0x00000000c0800000, 0x00000000c0800000|100%| O|  |TAMS 0x00000000c0800000, 0x00000000c0700000| Untracked 
|   8|0x00000000c0800000, 0x00000000c08ffff8, 0x00000000c0900000| 99%| O|  |TAMS 0x00000000c08ffff8, 0x00000000c0800000| Untracked 
|   9|0x00000000c0900000, 0x00000000c09ffff8, 0x00000000c0a00000| 99%| O|  |TAMS 0x00000000c09ffff8, 0x00000000c0900000| Untracked 
|  10|0x00000000c0a00000, 0x00000000c0affff0, 0x00000000c0b00000| 99%| O|  |TAMS 0x00000000c0affff0, 0x00000000c0a00000| Untracked 
|  11|0x00000000c0b00000, 0x00000000c0bfffb0, 0x00000000c0c00000| 99%| O|  |TAMS 0x00000000c0bfffb0, 0x00000000c0b00000| Untracked 
|  12|0x00000000c0c00000, 0x00000000c0cfffc8, 0x00000000c0d00000| 99%| O|  |TAMS 0x00000000c0cfffc8, 0x00000000c0c00000| Untracked 
|  13|0x00000000c0d00000, 0x00000000c0dfffc0, 0x00000000c0e00000| 99%| O|  |TAMS 0x00000000c0dfffc0, 0x00000000c0d00000| Untracked 
|  14|0x00000000c0e00000, 0x00000000c0effff8, 0x00000000c0f00000| 99%| O|  |TAMS 0x00000000c0effff8, 0x00000000c0e00000| Untracked 
|  15|0x00000000c0f00000, 0x00000000c1000000, 0x00000000c1000000|100%| O|  |TAMS 0x00000000c1000000, 0x00000000c0f00000| Untracked 
|  16|0x00000000c1000000, 0x00000000c10fffa8, 0x00000000c1100000| 99%| O|  |TAMS 0x00000000c10fffa8, 0x00000000c1000000| Untracked 
|  17|0x00000000c1100000, 0x00000000c119e5e8, 0x00000000c1200000| 61%| O|  |TAMS 0x00000000c1100000, 0x00000000c1100000| Untracked 
|  18|0x00000000c1200000, 0x00000000c12022b8, 0x00000000c1300000|  0%| O|  |TAMS 0x00000000c1200000, 0x00000000c1200000| Untracked 
|  19|0x00000000c1300000, 0x00000000c1300000, 0x00000000c1400000|  0%| F|  |TAMS 0x00000000c1300000, 0x00000000c1300000| Untracked 
|  20|0x00000000c1400000, 0x00000000c1400000, 0x00000000c1500000|  0%| F|  |TAMS 0x00000000c1400000, 0x00000000c1400000| Untracked 
|  21|0x00000000c1500000, 0x00000000c1500000, 0x00000000c1600000|  0%| F|  |TAMS 0x00000000c1500000, 0x00000000c1500000| Untracked 
|  22|0x00000000c1600000, 0x00000000c1600000, 0x00000000c1700000|  0%| F|  |TAMS 0x00000000c1600000, 0x00000000c1600000| Untracked 
|  23|0x00000000c1700000, 0x00000000c1700000, 0x00000000c1800000|  0%| F|  |TAMS 0x00000000c1700000, 0x00000000c1700000| Untracked 
|  24|0x00000000c1800000, 0x00000000c1800000, 0x00000000c1900000|  0%| F|  |TAMS 0x00000000c1800000, 0x00000000c1800000| Untracked 
|  25|0x00000000c1900000, 0x00000000c1900000, 0x00000000c1a00000|  0%| F|  |TAMS 0x00000000c1900000, 0x00000000c1900000| Untracked 
|  26|0x00000000c1a00000, 0x00000000c1a00000, 0x00000000c1b00000|  0%| F|  |TAMS 0x00000000c1a00000, 0x00000000c1a00000| Untracked 
|  27|0x00000000c1b00000, 0x00000000c1b00000, 0x00000000c1c00000|  0%| F|  |TAMS 0x00000000c1b00000, 0x00000000c1b00000| Untracked 
|  28|0x00000000c1c00000, 0x00000000c1c00000, 0x00000000c1d00000|  0%| F|  |TAMS 0x00000000c1c00000, 0x00000000c1c00000| Untracked 
|  29|0x00000000c1d00000, 0x00000000c1d00000, 0x00000000c1e00000|  0%| F|  |TAMS 0x00000000c1d00000, 0x00000000c1d00000| Untracked 
|  30|0x00000000c1e00000, 0x00000000c1e00000, 0x00000000c1f00000|  0%| F|  |TAMS 0x00000000c1e00000, 0x00000000c1e00000| Untracked 
|  31|0x00000000c1f00000, 0x00000000c1f00000, 0x00000000c2000000|  0%| F|  |TAMS 0x00000000c1f00000, 0x00000000c1f00000| Untracked 
|  32|0x00000000c2000000, 0x00000000c2000000, 0x00000000c2100000|  0%| F|  |TAMS 0x00000000c2000000, 0x00000000c2000000| Untracked 
|  33|0x00000000c2100000, 0x00000000c2100000, 0x00000000c2200000|  0%| F|  |TAMS 0x00000000c2100000, 0x00000000c2100000| Untracked 
|  34|0x00000000c2200000, 0x00000000c2200000, 0x00000000c2300000|  0%| F|  |TAMS 0x00000000c2200000, 0x00000000c2200000| Untracked 
|  35|0x00000000c2300000, 0x00000000c2300000, 0x00000000c2400000|  0%| F|  |TAMS 0x00000000c2300000, 0x00000000c2300000| Untracked 
|  36|0x00000000c2400000, 0x00000000c2400000, 0x00000000c2500000|  0%| F|  |TAMS 0x00000000c2400000, 0x00000000c2400000| Untracked 
|  37|0x00000000c2500000, 0x00000000c2500000, 0x00000000c2600000|  0%| F|  |TAMS 0x00000000c2500000, 0x00000000c2500000| Untracked 
|  38|0x00000000c2600000, 0x00000000c2600000, 0x00000000c2700000|  0%| F|  |TAMS 0x00000000c2600000, 0x00000000c2600000| Untracked 
|  39|0x00000000c2700000, 0x00000000c2700000, 0x00000000c2800000|  0%| F|  |TAMS 0x00000000c2700000, 0x00000000c2700000| Untracked 
|  40|0x00000000c2800000, 0x00000000c2800000, 0x00000000c2900000|  0%| F|  |TAMS 0x00000000c2800000, 0x00000000c2800000| Untracked 
|  41|0x00000000c2900000, 0x00000000c2900000, 0x00000000c2a00000|  0%| F|  |TAMS 0x00000000c2900000, 0x00000000c2900000| Untracked 
|  42|0x00000000c2a00000, 0x00000000c2a00000, 0x00000000c2b00000|  0%| F|  |TAMS 0x00000000c2a00000, 0x00000000c2a00000| Untracked 
|  43|0x00000000c2b00000, 0x00000000c2b00000, 0x00000000c2c00000|  0%| F|  |TAMS 0x00000000c2b00000, 0x00000000c2b00000| Untracked 
|  44|0x00000000c2c00000, 0x00000000c2c00000, 0x00000000c2d00000|  0%| F|  |TAMS 0x00000000c2c00000, 0x00000000c2c00000| Untracked 
|  45|0x00000000c2d00000, 0x00000000c2d00000, 0x00000000c2e00000|  0%| F|  |TAMS 0x00000000c2d00000, 0x00000000c2d00000| Untracked 
|  46|0x00000000c2e00000, 0x00000000c2e00000, 0x00000000c2f00000|  0%| F|  |TAMS 0x00000000c2e00000, 0x00000000c2e00000| Untracked 
|  47|0x00000000c2f00000, 0x00000000c2f00000, 0x00000000c3000000|  0%| F|  |TAMS 0x00000000c2f00000, 0x00000000c2f00000| Untracked 
|  48|0x00000000c3000000, 0x00000000c3000000, 0x00000000c3100000|  0%| F|  |TAMS 0x00000000c3000000, 0x00000000c3000000| Untracked 
|  49|0x00000000c3100000, 0x00000000c3100000, 0x00000000c3200000|  0%| F|  |TAMS 0x00000000c3100000, 0x00000000c3100000| Untracked 
|  50|0x00000000c3200000, 0x00000000c3200000, 0x00000000c3300000|  0%| F|  |TAMS 0x00000000c3200000, 0x00000000c3200000| Untracked 
|  51|0x00000000c3300000, 0x00000000c3300000, 0x00000000c3400000|  0%| F|  |TAMS 0x00000000c3300000, 0x00000000c3300000| Untracked 
|  52|0x00000000c3400000, 0x00000000c3400000, 0x00000000c3500000|  0%| F|  |TAMS 0x00000000c3400000, 0x00000000c3400000| Untracked 
|  53|0x00000000c3500000, 0x00000000c3500000, 0x00000000c3600000|  0%| F|  |TAMS 0x00000000c3500000, 0x00000000c3500000| Untracked 
|  54|0x00000000c3600000, 0x00000000c3600000, 0x00000000c3700000|  0%| F|  |TAMS 0x00000000c3600000, 0x00000000c3600000| Untracked 
|  55|0x00000000c3700000, 0x00000000c3724e28, 0x00000000c3800000| 14%| E|  |TAMS 0x00000000c3700000, 0x00000000c3700000| Complete 

Card table byte_map: [0x000001d4c6720000,0x000001d4c6920000] _byte_map_base: 0x000001d4c6120000

Marking Bits (Prev, Next): (CMBitMap*) 0x000001d4c0ae8e90, (CMBitMap*) 0x000001d4c0ae8ed0
 Prev Bits: [0x000001d4c6b20000, 0x000001d4c7b20000)
 Next Bits: [0x000001d4c7b20000, 0x000001d4c8b20000)

Polling page: 0x000001d4be9e0000

Metaspace:

Usage:
  Non-class:     31.48 MB used.
      Class:      4.67 MB used.
       Both:     36.15 MB used.

Virtual space:
  Non-class space:       64.00 MB reserved,      31.81 MB ( 50%) committed,  1 nodes.
      Class space:        1.00 GB reserved,       4.88 MB ( <1%) committed,  1 nodes.
             Both:        1.06 GB reserved,      36.69 MB (  3%) committed. 

Chunk freelists:
   Non-Class:  15.63 MB
       Class:  11.09 MB
        Both:  26.71 MB

MaxMetaspaceSize: unlimited
CompressedClassSpaceSize: 1.00 GB
Initial GC threshold: 21.00 MB
Current GC threshold: 61.19 MB
CDS: off
MetaspaceReclaimPolicy: balanced
 - commit_granule_bytes: 65536.
 - commit_granule_words: 8192.
 - virtual_space_node_default_size: 8388608.
 - enlarge_chunks_in_place: 1.
 - new_chunks_are_fully_committed: 0.
 - uncommit_free_chunks: 1.
 - use_allocation_guard: 0.
 - handle_deallocations: 1.


Internal statistics:

num_allocs_failed_limit: 8.
num_arena_births: 464.
num_arena_deaths: 132.
num_vsnodes_births: 2.
num_vsnodes_deaths: 0.
num_space_committed: 587.
num_space_uncommitted: 0.
num_chunks_returned_to_freelist: 154.
num_chunks_taken_from_freelist: 1561.
num_chunk_merges: 53.
num_chunk_splits: 1072.
num_chunks_enlarged: 801.
num_inconsistent_stats: 0.

CodeCache: size=49152Kb used=6453Kb max_used=6970Kb free=42698Kb
 bounds [0x000001d4c3720000, 0x000001d4c3df0000, 0x000001d4c6720000]
 total_blobs=3972 nmethods=3438 adapters=461
 compilation: enabled
              stopped_count=0, restarted_count=0
 full_count=0

Compilation events (20 events):
Event: 441.488 Thread 0x000001d4cb01e840 3426       1       java.util.concurrent.ScheduledThreadPoolExecutor$ScheduledFutureTask::getDelay (16 bytes)
Event: 441.488 Thread 0x000001d4cb01e840 nmethod 3426 0x000001d4c38c1a10 code [0x000001d4c38c1ba0, 0x000001d4c38c1cc8]
Event: 441.488 Thread 0x000001d4cb01e840 3427       1       java.util.concurrent.TimeUnit::convert (77 bytes)
Event: 441.490 Thread 0x000001d4cb01e840 nmethod 3427 0x000001d4c38c1410 code [0x000001d4c38c1600, 0x000001d4c38c1888]
Event: 533.402 Thread 0x000001d4cb01e840 3428       1       java.lang.invoke.LambdaForm$MH/0x000000010008bc00::invoke (148 bytes)
Event: 533.404 Thread 0x000001d4cb01e840 nmethod 3428 0x000001d4c38c0990 code [0x000001d4c38c0bc0, 0x000001d4c38c0fc8]
Event: 962.753 Thread 0x000001d4cb01e840 3432       1       java.util.concurrent.ThreadPoolExecutor$Worker::unlock (7 bytes)
Event: 962.784 Thread 0x000001d4cb01e840 nmethod 3432 0x000001d4c38bfa10 code [0x000001d4c38bfba0, 0x000001d4c38bfcc8]
Event: 962.785 Thread 0x000001d4cb01e840 3433       1       java.util.concurrent.ThreadPoolExecutor$Worker::tryRelease (12 bytes)
Event: 962.785 Thread 0x000001d4cb01e840 nmethod 3433 0x000001d4c38bf710 code [0x000001d4c38bf8a0, 0x000001d4c38bf998]
Event: 962.785 Thread 0x000001d4cb01e840 3434       1       java.util.concurrent.locks.AbstractQueuedSynchronizer$ConditionObject::signal (34 bytes)
Event: 962.789 Thread 0x000001d4cb01e840 nmethod 3434 0x000001d4c38bf290 code [0x000001d4c38bf440, 0x000001d4c38bf608]
Event: 962.790 Thread 0x000001d4cb01e840 3435   !   1       java.util.concurrent.ThreadPoolExecutor::getTask (177 bytes)
Event: 962.801 Thread 0x000001d4cb01e840 nmethod 3435 0x000001d4c38be990 code [0x000001d4c38beb80, 0x000001d4c38bf038]
Event: 962.801 Thread 0x000001d4cb01e840 3436       1       java.util.concurrent.locks.ReentrantLock::lockInterruptibly (8 bytes)
Event: 962.804 Thread 0x000001d4cb01e840 nmethod 3436 0x000001d4c38be410 code [0x000001d4c38be5e0, 0x000001d4c38be7f8]
Event: 962.804 Thread 0x000001d4cb01e840 3437       1       java.util.concurrent.locks.ReentrantLock$Sync::lockInterruptibly (27 bytes)
Event: 962.836 Thread 0x000001d4cb01e840 nmethod 3437 0x000001d4c38bde90 code [0x000001d4c38be060, 0x000001d4c38be278]
Event: 962.839 Thread 0x000001d4cb01e840 3438       1       java.util.concurrent.locks.LockSupport::parkNanos (29 bytes)
Event: 962.839 Thread 0x000001d4cb01e840 nmethod 3438 0x000001d4c38bda90 code [0x000001d4c38bdc40, 0x000001d4c38bde28]

GC Heap History (20 events):
Event: 686.989 GC heap before
{Heap before GC invocations=74 (full 62):
 garbage-first heap   total 57344K, used 18040K [0x00000000c0000000, 0x0000000100000000)
  region size 1024K, 1 young (1024K), 0 survivors (0K)
 Metaspace       used 37018K, committed 37568K, reserved 1114112K
  class space    used 4785K, committed 4992K, reserved 1048576K
}
Event: 687.016 GC heap after
{Heap after GC invocations=75 (full 63):
 garbage-first heap   total 57344K, used 18040K [0x00000000c0000000, 0x0000000100000000)
  region size 1024K, 0 young (0K), 0 survivors (0K)
 Metaspace       used 37018K, committed 37568K, reserved 1114112K
  class space    used 4785K, committed 4992K, reserved 1048576K
}
Event: 697.199 GC heap before
{Heap before GC invocations=75 (full 63):
 garbage-first heap   total 57344K, used 18040K [0x00000000c0000000, 0x0000000100000000)
  region size 1024K, 1 young (1024K), 0 survivors (0K)
 Metaspace       used 37018K, committed 37568K, reserved 1114112K
  class space    used 4785K, committed 4992K, reserved 1048576K
}
Event: 697.221 GC heap after
{Heap after GC invocations=76 (full 64):
 garbage-first heap   total 57344K, used 18040K [0x00000000c0000000, 0x0000000100000000)
  region size 1024K, 0 young (0K), 0 survivors (0K)
 Metaspace       used 37018K, committed 37568K, reserved 1114112K
  class space    used 4785K, committed 4992K, reserved 1048576K
}
Event: 707.388 GC heap before
{Heap before GC invocations=76 (full 64):
 garbage-first heap   total 57344K, used 18040K [0x00000000c0000000, 0x0000000100000000)
  region size 1024K, 1 young (1024K), 0 survivors (0K)
 Metaspace       used 37018K, committed 37568K, reserved 1114112K
  class space    used 4785K, committed 4992K, reserved 1048576K
}
Event: 707.411 GC heap after
{Heap after GC invocations=77 (full 65):
 garbage-first heap   total 57344K, used 18040K [0x00000000c0000000, 0x0000000100000000)
  region size 1024K, 0 young (0K), 0 survivors (0K)
 Metaspace       used 37018K, committed 37568K, reserved 1114112K
  class space    used 4785K, committed 4992K, reserved 1048576K
}
Event: 717.665 GC heap before
{Heap before GC invocations=77 (full 65):
 garbage-first heap   total 57344K, used 18040K [0x00000000c0000000, 0x0000000100000000)
  region size 1024K, 1 young (1024K), 0 survivors (0K)
 Metaspace       used 37018K, committed 37568K, reserved 1114112K
  class space    used 4785K, committed 4992K, reserved 1048576K
}
Event: 717.705 GC heap after
{Heap after GC invocations=78 (full 66):
 garbage-first heap   total 57344K, used 18040K [0x00000000c0000000, 0x0000000100000000)
  region size 1024K, 0 young (0K), 0 survivors (0K)
 Metaspace       used 37018K, committed 37568K, reserved 1114112K
  class space    used 4785K, committed 4992K, reserved 1048576K
}
Event: 727.916 GC heap before
{Heap before GC invocations=78 (full 66):
 garbage-first heap   total 57344K, used 18040K [0x00000000c0000000, 0x0000000100000000)
  region size 1024K, 1 young (1024K), 0 survivors (0K)
 Metaspace       used 37018K, committed 37568K, reserved 1114112K
  class space    used 4785K, committed 4992K, reserved 1048576K
}
Event: 727.944 GC heap after
{Heap after GC invocations=79 (full 67):
 garbage-first heap   total 57344K, used 18040K [0x00000000c0000000, 0x0000000100000000)
  region size 1024K, 0 young (0K), 0 survivors (0K)
 Metaspace       used 37018K, committed 37568K, reserved 1114112K
  class space    used 4785K, committed 4992K, reserved 1048576K
}
Event: 962.804 GC heap before
{Heap before GC invocations=79 (full 67):
 garbage-first heap   total 57344K, used 18040K [0x00000000c0000000, 0x0000000100000000)
  region size 1024K, 1 young (1024K), 0 survivors (0K)
 Metaspace       used 37018K, committed 37568K, reserved 1114112K
  class space    used 4785K, committed 4992K, reserved 1048576K
}
Event: 962.836 GC heap after
{Heap after GC invocations=80 (full 68):
 garbage-first heap   total 57344K, used 18040K [0x00000000c0000000, 0x0000000100000000)
  region size 1024K, 0 young (0K), 0 survivors (0K)
 Metaspace       used 37018K, committed 37568K, reserved 1114112K
  class space    used 4785K, committed 4992K, reserved 1048576K
}
Event: 973.992 GC heap before
{Heap before GC invocations=80 (full 68):
 garbage-first heap   total 57344K, used 18040K [0x00000000c0000000, 0x0000000100000000)
  region size 1024K, 1 young (1024K), 0 survivors (0K)
 Metaspace       used 37018K, committed 37568K, reserved 1114112K
  class space    used 4785K, committed 4992K, reserved 1048576K
}
Event: 974.021 GC heap after
{Heap after GC invocations=81 (full 69):
 garbage-first heap   total 57344K, used 18040K [0x00000000c0000000, 0x0000000100000000)
  region size 1024K, 0 young (0K), 0 survivors (0K)
 Metaspace       used 37018K, committed 37568K, reserved 1114112K
  class space    used 4785K, committed 4992K, reserved 1048576K
}
Event: 984.296 GC heap before
{Heap before GC invocations=81 (full 69):
 garbage-first heap   total 57344K, used 18040K [0x00000000c0000000, 0x0000000100000000)
  region size 1024K, 1 young (1024K), 0 survivors (0K)
 Metaspace       used 37018K, committed 37568K, reserved 1114112K
  class space    used 4785K, committed 4992K, reserved 1048576K
}
Event: 984.319 GC heap after
{Heap after GC invocations=82 (full 70):
 garbage-first heap   total 57344K, used 18040K [0x00000000c0000000, 0x0000000100000000)
  region size 1024K, 0 young (0K), 0 survivors (0K)
 Metaspace       used 37018K, committed 37568K, reserved 1114112K
  class space    used 4785K, committed 4992K, reserved 1048576K
}
Event: 994.539 GC heap before
{Heap before GC invocations=82 (full 70):
 garbage-first heap   total 57344K, used 18040K [0x00000000c0000000, 0x0000000100000000)
  region size 1024K, 1 young (1024K), 0 survivors (0K)
 Metaspace       used 37018K, committed 37568K, reserved 1114112K
  class space    used 4785K, committed 4992K, reserved 1048576K
}
Event: 994.563 GC heap after
{Heap after GC invocations=83 (full 71):
 garbage-first heap   total 57344K, used 18040K [0x00000000c0000000, 0x0000000100000000)
  region size 1024K, 0 young (0K), 0 survivors (0K)
 Metaspace       used 37018K, committed 37568K, reserved 1114112K
  class space    used 4785K, committed 4992K, reserved 1048576K
}
Event: 1005.281 GC heap before
{Heap before GC invocations=83 (full 71):
 garbage-first heap   total 57344K, used 18040K [0x00000000c0000000, 0x0000000100000000)
  region size 1024K, 1 young (1024K), 0 survivors (0K)
 Metaspace       used 37018K, committed 37568K, reserved 1114112K
  class space    used 4785K, committed 4992K, reserved 1048576K
}
Event: 1005.311 GC heap after
{Heap after GC invocations=84 (full 72):
 garbage-first heap   total 57344K, used 18040K [0x00000000c0000000, 0x0000000100000000)
  region size 1024K, 0 young (0K), 0 survivors (0K)
 Metaspace       used 37018K, committed 37568K, reserved 1114112K
  class space    used 4785K, committed 4992K, reserved 1048576K
}

Dll operation events (7 events):
Event: 0.105 Loaded shared library c:\Users\haris\.vscode\extensions\redhat.java-1.20.0-win32-x64\jre\17.0.7-win32-x86_64\bin\java.dll
Event: 0.872 Loaded shared library C:\Users\haris\.vscode\extensions\redhat.java-1.20.0-win32-x64\jre\17.0.7-win32-x86_64\bin\net.dll
Event: 0.882 Loaded shared library C:\Users\haris\.vscode\extensions\redhat.java-1.20.0-win32-x64\jre\17.0.7-win32-x86_64\bin\nio.dll
Event: 0.919 Loaded shared library C:\Users\haris\.vscode\extensions\redhat.java-1.20.0-win32-x64\jre\17.0.7-win32-x86_64\bin\zip.dll
Event: 1.843 Loaded shared library C:\Users\haris\.vscode\extensions\redhat.java-1.20.0-win32-x64\jre\17.0.7-win32-x86_64\bin\jimage.dll
Event: 11.579 Loaded shared library C:\Users\haris\.vscode\extensions\redhat.java-1.20.0-win32-x64\jre\17.0.7-win32-x86_64\bin\management.dll
Event: 11.587 Loaded shared library C:\Users\haris\.vscode\extensions\redhat.java-1.20.0-win32-x64\jre\17.0.7-win32-x86_64\bin\management_ext.dll

Deoptimization events (4 events):
Event: 7.205 Thread 0x000001d4c0aab360 DEOPT PACKING pc=0x000001d4c3bffa19 sp=0x0000009d44afd6a0
Event: 7.206 Thread 0x000001d4c0aab360 DEOPT UNPACKING pc=0x000001d4c3777143 sp=0x0000009d44afcb80 mode 3
Event: 11.926 Thread 0x000001d4cbafa050 DEOPT PACKING pc=0x000001d4c3de2035 sp=0x0000009d466fe1c0
Event: 11.926 Thread 0x000001d4cbafa050 DEOPT UNPACKING pc=0x000001d4c3777143 sp=0x0000009d466fd6e8 mode 3

Classes unloaded (20 events):
Event: 62.522 Thread 0x000001d4c0b5daa0 Unloading class 0x0000000100220800 'java/lang/invoke/LambdaForm$MH+0x0000000100220800'
Event: 62.522 Thread 0x000001d4c0b5daa0 Unloading class 0x0000000100215000 'java/lang/invoke/LambdaForm$DMH+0x0000000100215000'
Event: 62.522 Thread 0x000001d4c0b5daa0 Unloading class 0x0000000100091c00 'java/lang/invoke/LambdaForm$MH+0x0000000100091c00'
Event: 62.522 Thread 0x000001d4c0b5daa0 Unloading class 0x0000000100091800 'java/lang/invoke/LambdaForm$MH+0x0000000100091800'
Event: 62.522 Thread 0x000001d4c0b5daa0 Unloading class 0x0000000100091400 'java/lang/invoke/LambdaForm$MH+0x0000000100091400'
Event: 62.522 Thread 0x000001d4c0b5daa0 Unloading class 0x0000000100091000 'java/lang/invoke/LambdaForm$MH+0x0000000100091000'
Event: 62.522 Thread 0x000001d4c0b5daa0 Unloading class 0x0000000100090c00 'java/lang/invoke/LambdaForm$MH+0x0000000100090c00'
Event: 62.522 Thread 0x000001d4c0b5daa0 Unloading class 0x0000000100090800 'java/lang/invoke/LambdaForm$MH+0x0000000100090800'
Event: 62.522 Thread 0x000001d4c0b5daa0 Unloading class 0x0000000100090400 'java/lang/invoke/LambdaForm$MH+0x0000000100090400'
Event: 62.522 Thread 0x000001d4c0b5daa0 Unloading class 0x0000000100090000 'java/lang/invoke/LambdaForm$MH+0x0000000100090000'
Event: 62.523 Thread 0x000001d4c0b5daa0 Unloading class 0x000000010008b800 'java/lang/invoke/LambdaForm$MH+0x000000010008b800'
Event: 62.523 Thread 0x000001d4c0b5daa0 Unloading class 0x000000010008b400 'java/lang/invoke/LambdaForm$MH+0x000000010008b400'
Event: 62.523 Thread 0x000001d4c0b5daa0 Unloading class 0x000000010008b000 'java/lang/invoke/LambdaForm$MH+0x000000010008b000'
Event: 62.523 Thread 0x000001d4c0b5daa0 Unloading class 0x000000010008ac00 'java/lang/invoke/LambdaForm$MH+0x000000010008ac00'
Event: 62.523 Thread 0x000001d4c0b5daa0 Unloading class 0x000000010008a800 'java/lang/invoke/LambdaForm$MH+0x000000010008a800'
Event: 62.523 Thread 0x000001d4c0b5daa0 Unloading class 0x000000010008a400 'java/lang/invoke/LambdaForm$MH+0x000000010008a400'
Event: 62.523 Thread 0x000001d4c0b5daa0 Unloading class 0x0000000100089c00 'java/lang/invoke/LambdaForm$MH+0x0000000100089c00'
Event: 62.523 Thread 0x000001d4c0b5daa0 Unloading class 0x0000000100089400 'java/lang/invoke/LambdaForm$MH+0x0000000100089400'
Event: 62.523 Thread 0x000001d4c0b5daa0 Unloading class 0x0000000100088c00 'java/lang/invoke/LambdaForm$MH+0x0000000100088c00'
Event: 62.523 Thread 0x000001d4c0b5daa0 Unloading class 0x0000000100088400 'java/lang/invoke/LambdaForm$MH+0x0000000100088400'

Classes redefined (0 events):
No events

Internal exceptions (20 events):
Event: 8.660 Thread 0x000001d4c0aab360 Exception <a 'java/lang/NoSuchMethodError'{0x00000000c246f4a8}: 'java.lang.Object java.lang.invoke.DirectMethodHandle$Holder.invokeSpecial(java.lang.Object, java.lang.Object, java.lang.Object, java.lang.Object, java.lang.Object, java.lang.Object, java.lang.Object, java.lang.Object, java.lang.Object, java.lang.Object)'> (0x00000000c246f4a8) 
thrown [s\src\hotspot\share\interpreter\linkResolver.cpp, line 759]
Event: 8.660 Thread 0x000001d4c0aab360 Exception <a 'java/lang/NoSuchMethodError'{0x00000000c2473a90}: 'java.lang.Object java.lang.invoke.Invokers$Holder.invoke_MT(java.lang.Object, java.lang.Object, java.lang.Object, java.lang.Object, java.lang.Object, java.lang.Object, java.lang.Object, java.lang.Object, java.lang.Object, java.lang.Object)'> (0x00000000c2473a90) 
thrown [s\src\hotspot\share\interpreter\linkResolver.cpp, line 759]
Event: 8.669 Thread 0x000001d4c0aab360 Exception <a 'java/lang/NoSuchMethodError'{0x00000000c24b8ef8}: 'java.lang.Object java.lang.invoke.DirectMethodHandle$Holder.invokeSpecial(java.lang.Object, java.lang.Object, int, java.lang.Object, java.lang.Object)'> (0x00000000c24b8ef8) 
thrown [s\src\hotspot\share\interpreter\linkResolver.cpp, line 759]
Event: 8.669 Thread 0x000001d4c0aab360 Exception <a 'java/lang/NoSuchMethodError'{0x00000000c24bcba0}: 'java.lang.Object java.lang.invoke.DelegatingMethodHandle$Holder.delegate(java.lang.Object, int, java.lang.Object, java.lang.Object)'> (0x00000000c24bcba0) 
thrown [s\src\hotspot\share\interpreter\linkResolver.cpp, line 759]
Event: 8.671 Thread 0x000001d4c0aab360 Exception <a 'java/lang/NoSuchMethodError'{0x00000000c24cda28}: 'int java.lang.invoke.Invokers$Holder.linkToTargetMethod(java.lang.Object, java.lang.Object, java.lang.Object)'> (0x00000000c24cda28) 
thrown [s\src\hotspot\share\interpreter\linkResolver.cpp, line 759]
Event: 8.797 Thread 0x000001d4c0aab360 Exception <a 'java/lang/NoSuchMethodError'{0x00000000c3737200}: 'void java.lang.invoke.DirectMethodHandle$Holder.invokeSpecial(java.lang.Object, java.lang.Object, java.lang.Object, java.lang.Object, java.lang.Object, java.lang.Object)'> (0x00000000c3737200) 
thrown [s\src\hotspot\share\interpreter\linkResolver.cpp, line 759]
Event: 8.861 Thread 0x000001d4c0aab360 Exception <a 'java/lang/NoSuchMethodError'{0x00000000c36dbdb0}: 'java.lang.Object java.lang.invoke.DirectMethodHandle$Holder.invokeStaticInit(java.lang.Object, int, int, int, int)'> (0x00000000c36dbdb0) 
thrown [s\src\hotspot\share\interpreter\linkResolver.cpp, line 759]
Event: 9.213 Thread 0x000001d4c0aab360 Exception <a 'java/lang/NoSuchMethodError'{0x00000000c35c7c00}: 'java.lang.Object java.lang.invoke.DirectMethodHandle$Holder.invokeStaticInit(java.lang.Object, java.lang.Object, int, int, int, int)'> (0x00000000c35c7c00) 
thrown [s\src\hotspot\share\interpreter\linkResolver.cpp, line 759]
Event: 10.166 Thread 0x000001d4c0aab360 Exception <a 'java/lang/NoSuchMethodError'{0x00000000c2d43b70}: 'void java.lang.invoke.DirectMethodHandle$Holder.invokeSpecialIFC(java.lang.Object, java.lang.Object, java.lang.Object)'> (0x00000000c2d43b70) 
thrown [s\src\hotspot\share\interpreter\linkResolver.cpp, line 759]
Event: 11.080 Thread 0x000001d4c0aab360 Exception <a 'java/lang/NoSuchMethodError'{0x00000000c31f4fa8}: 'void java.lang.invoke.DirectMethodHandle$Holder.invokeSpecial(java.lang.Object, java.lang.Object, java.lang.Object, java.lang.Object, java.lang.Object, java.lang.Object, java.lang.Object)'> (0x00000000c31f4fa8) 
thrown [s\src\hotspot\share\interpreter\linkResolver.cpp, line 759]
Event: 11.407 Thread 0x000001d4c0aab360 Exception <a 'java/lang/NoSuchMethodError'{0x00000000c2ebd4e8}: 'java.lang.Object java.lang.invoke.DirectMethodHandle$Holder.invokeInterface(java.lang.Object, java.lang.Object, int)'> (0x00000000c2ebd4e8) 
thrown [s\src\hotspot\share\interpreter\linkResolver.cpp, line 759]
Event: 11.410 Thread 0x000001d4c0aab360 Exception <a 'java/lang/IncompatibleClassChangeError'{0x00000000c2ed0260}: Found class java.lang.Object, but interface was expected> (0x00000000c2ed0260) 
thrown [s\src\hotspot\share\interpreter\linkResolver.cpp, line 826]
Event: 11.568 Thread 0x000001d4c0aab360 Exception <a 'java/lang/NoSuchMethodError'{0x00000000c2ac8a50}: 'java.lang.Object java.lang.invoke.DirectMethodHandle$Holder.newInvokeSpecial(java.lang.Object, java.lang.Object, int, java.lang.Object, java.lang.Object)'> (0x00000000c2ac8a50) 
thrown [s\src\hotspot\share\interpreter\linkResolver.cpp, line 759]
Event: 11.570 Thread 0x000001d4c0aab360 Exception <a 'java/lang/NoSuchMethodError'{0x00000000c2adaa98}: 'java.lang.Object java.lang.invoke.DirectMethodHandle$Holder.invokeSpecial(java.lang.Object, java.lang.Object, int, java.lang.Object, int, java.lang.Object)'> (0x00000000c2adaa98) 
thrown [s\src\hotspot\share\interpreter\linkResolver.cpp, line 759]
Event: 11.570 Thread 0x000001d4c0aab360 Exception <a 'java/lang/NoSuchMethodError'{0x00000000c2ae2c50}: 'java.lang.Object java.lang.invoke.DirectMethodHandle$Holder.newInvokeSpecial(java.lang.Object, java.lang.Object, int, java.lang.Object, int)'> (0x00000000c2ae2c50) 
thrown [s\src\hotspot\share\interpreter\linkResolver.cpp, line 759]
Event: 11.570 Thread 0x000001d4c0aab360 Exception <a 'java/lang/NoSuchMethodError'{0x00000000c2ae6d50}: 'java.lang.Object java.lang.invoke.DirectMethodHandle$Holder.invokeSpecial(java.lang.Object, java.lang.Object, java.lang.Object, int, java.lang.Object, int)'> (0x00000000c2ae6d50) 
thrown [s\src\hotspot\share\interpreter\linkResolver.cpp, line 759]
Event: 11.921 Thread 0x000001d4cbafa050 Exception <a 'java/lang/NoSuchMethodError'{0x00000000c301b1d8}: 'java.lang.Object java.lang.invoke.DirectMethodHandle$Holder.invokeStatic(java.lang.Object, int, java.lang.Object)'> (0x00000000c301b1d8) 
thrown [s\src\hotspot\share\interpreter\linkResolver.cpp, line 759]
Event: 12.020 Thread 0x000001d4d09c0750 Exception <a 'java/lang/NoSuchMethodError'{0x00000000c3081fc8}: 'java.lang.Object java.lang.invoke.DirectMethodHandle$Holder.invokeStatic(java.lang.Object, java.lang.Object, java.lang.Object, int, java.lang.Object, java.lang.Object)'> (0x00000000c3081fc8) 
thrown [s\src\hotspot\share\interpreter\linkResolver.cpp, line 759]
Event: 51.612 Thread 0x000001d4cbcb6830 Exception <a 'java/lang/NoSuchMethodError'{0x00000000c2e024b0}: 'void java.lang.invoke.DirectMethodHandle$Holder.invokeStatic(java.lang.Object, long)'> (0x00000000c2e024b0) 
thrown [s\src\hotspot\share\interpreter\linkResolver.cpp, line 759]
Event: 51.613 Thread 0x000001d4cbcb6830 Exception <a 'java/lang/NoSuchMethodError'{0x00000000c2e07858}: 'java.lang.Object java.lang.invoke.DirectMethodHandle$Holder.newInvokeSpecial(java.lang.Object, long)'> (0x00000000c2e07858) 
thrown [s\src\hotspot\share\interpreter\linkResolver.cpp, line 759]

VM Operations (20 events):
Event: 697.221 Executing VM operation: G1CollectFull done
Event: 707.388 Executing VM operation: G1CollectFull
Event: 707.412 Executing VM operation: G1CollectFull done
Event: 717.664 Executing VM operation: G1CollectFull
Event: 717.705 Executing VM operation: G1CollectFull done
Event: 727.916 Executing VM operation: G1CollectFull
Event: 727.944 Executing VM operation: G1CollectFull done
Event: 962.804 Executing VM operation: G1CollectFull
Event: 962.836 Executing VM operation: G1CollectFull done
Event: 964.851 Executing VM operation: Cleanup
Event: 964.851 Executing VM operation: Cleanup done
Event: 973.992 Executing VM operation: G1CollectFull
Event: 974.021 Executing VM operation: G1CollectFull done
Event: 984.296 Executing VM operation: G1CollectFull
Event: 984.319 Executing VM operation: G1CollectFull done
Event: 994.538 Executing VM operation: G1CollectFull
Event: 994.563 Executing VM operation: G1CollectFull done
Event: 1005.281 Executing VM operation: G1CollectFull
Event: 1005.311 Executing VM operation: G1CollectFull done
Event: 1016.878 Executing VM operation: G1CollectFull

Events (20 events):
Event: 11.927 loading class java/util/stream/Streams$2
Event: 11.927 loading class java/util/stream/Streams$2 done
Event: 11.940 loading class java/util/concurrent/ForkJoinWorkerThread
Event: 11.940 loading class java/util/concurrent/ForkJoinWorkerThread done
Event: 12.056 loading class java/util/concurrent/CompletableFuture$AsyncRun
Event: 12.056 loading class java/util/concurrent/CompletableFuture$AsyncRun done
Event: 12.057 Thread 0x000001d4d06c74e0 Thread added: 0x000001d4d06c74e0
Event: 17.078 Thread 0x000001d4cb307ed0 Thread exited: 0x000001d4cb307ed0
Event: 51.592 loading class java/lang/ProcessBuilder
Event: 51.594 loading class java/lang/ProcessBuilder done
Event: 51.594 loading class java/lang/ProcessImpl
Event: 51.596 loading class java/lang/ProcessImpl done
Event: 51.616 loading class java/lang/ProcessImpl$2
Event: 51.616 loading class java/lang/ProcessImpl$2 done
Event: 51.617 loading class java/lang/Process$PipeInputStream
Event: 51.617 loading class java/lang/Process$PipeInputStream done
Event: 51.620 loading class jdk/internal/event/ProcessStartEvent
Event: 51.623 loading class jdk/internal/event/ProcessStartEvent done
Event: 51.978 loading class java/io/FileOutputStream$1
Event: 51.978 loading class java/io/FileOutputStream$1 done


Dynamic libraries:
0x00007ff63a3b0000 - 0x00007ff63a3be000 	c:\Users\haris\.vscode\extensions\redhat.java-1.20.0-win32-x64\jre\17.0.7-win32-x86_64\bin\java.exe
0x00007ffa352d0000 - 0x00007ffa354e4000 	C:\WINDOWS\SYSTEM32\ntdll.dll
0x00007ffa0b9d0000 - 0x00007ffa0b9e9000 	C:\Program Files\Avast Software\Avast\aswhook.dll
0x00007ffa34100000 - 0x00007ffa341c2000 	C:\WINDOWS\System32\KERNEL32.DLL
0x00007ffa32770000 - 0x00007ffa32b13000 	C:\WINDOWS\System32\KERNELBASE.dll
0x00007ffa32cd0000 - 0x00007ffa32de1000 	C:\WINDOWS\System32\ucrtbase.dll
0x00007ffa22120000 - 0x00007ffa22137000 	c:\Users\haris\.vscode\extensions\redhat.java-1.20.0-win32-x64\jre\17.0.7-win32-x86_64\bin\jli.dll
0x00007ffa33880000 - 0x00007ffa33a2b000 	C:\WINDOWS\System32\USER32.dll
0x00007ffa32f10000 - 0x00007ffa32f36000 	C:\WINDOWS\System32\win32u.dll
0x00007ffa349d0000 - 0x00007ffa349f9000 	C:\WINDOWS\System32\GDI32.dll
0x00007ffa32df0000 - 0x00007ffa32f09000 	C:\WINDOWS\System32\gdi32full.dll
0x00007ffa326d0000 - 0x00007ffa3276a000 	C:\WINDOWS\System32\msvcp_win.dll
0x00007ffa1eea0000 - 0x00007ffa1eeb9000 	c:\Users\haris\.vscode\extensions\redhat.java-1.20.0-win32-x64\jre\17.0.7-win32-x86_64\bin\VCRUNTIME140.dll
0x00007ffa228b0000 - 0x00007ffa22b3e000 	C:\WINDOWS\WinSxS\amd64_microsoft.windows.common-controls_6595b64144ccf1df_6.0.22621.1635_none_270f70857386168e\COMCTL32.dll
0x00007ffa34690000 - 0x00007ffa34737000 	C:\WINDOWS\System32\msvcrt.dll
0x00007ffa34a50000 - 0x00007ffa34a81000 	C:\WINDOWS\System32\IMM32.DLL
0x00007ffa22bf0000 - 0x00007ffa22bfc000 	c:\Users\haris\.vscode\extensions\redhat.java-1.20.0-win32-x64\jre\17.0.7-win32-x86_64\bin\vcruntime140_1.dll
0x00007ffa01500000 - 0x00007ffa01591000 	c:\Users\haris\.vscode\extensions\redhat.java-1.20.0-win32-x64\jre\17.0.7-win32-x86_64\bin\msvcp140.dll
0x00007ff9be880000 - 0x00007ff9bf4c8000 	c:\Users\haris\.vscode\extensions\redhat.java-1.20.0-win32-x64\jre\17.0.7-win32-x86_64\bin\server\jvm.dll
0x00007ffa34050000 - 0x00007ffa340fe000 	C:\WINDOWS\System32\ADVAPI32.dll
0x00007ffa332c0000 - 0x00007ffa33364000 	C:\WINDOWS\System32\sechost.dll
0x00007ffa33a30000 - 0x00007ffa33b47000 	C:\WINDOWS\System32\RPCRT4.dll
0x00007ffa1de80000 - 0x00007ffa1de89000 	C:\WINDOWS\SYSTEM32\WSOCK32.dll
0x00007ffa34820000 - 0x00007ffa34891000 	C:\WINDOWS\System32\WS2_32.dll
0x00007ffa293b0000 - 0x00007ffa293e4000 	C:\WINDOWS\SYSTEM32\WINMM.dll
0x00007ffa2b490000 - 0x00007ffa2b49a000 	C:\WINDOWS\SYSTEM32\VERSION.dll
0x00007ffa31720000 - 0x00007ffa31738000 	C:\WINDOWS\SYSTEM32\kernel.appcore.dll
0x00007ffa1e3b0000 - 0x00007ffa1e3ba000 	c:\Users\haris\.vscode\extensions\redhat.java-1.20.0-win32-x64\jre\17.0.7-win32-x86_64\bin\jimage.dll
0x00007ffa2fd00000 - 0x00007ffa2ff2e000 	C:\WINDOWS\SYSTEM32\DBGHELP.DLL
0x00007ffa334f0000 - 0x00007ffa33879000 	C:\WINDOWS\System32\combase.dll
0x00007ffa34740000 - 0x00007ffa34817000 	C:\WINDOWS\System32\OLEAUT32.dll
0x00007ffa25ff0000 - 0x00007ffa26022000 	C:\WINDOWS\SYSTEM32\dbgcore.DLL
0x00007ffa32c50000 - 0x00007ffa32ccb000 	C:\WINDOWS\System32\bcryptPrimitives.dll
0x00007ffa01b70000 - 0x00007ffa01b95000 	c:\Users\haris\.vscode\extensions\redhat.java-1.20.0-win32-x64\jre\17.0.7-win32-x86_64\bin\java.dll
0x00007ffa1e290000 - 0x00007ffa1e2a8000 	c:\Users\haris\.vscode\extensions\redhat.java-1.20.0-win32-x64\jre\17.0.7-win32-x86_64\bin\zip.dll
0x00007ffa34a90000 - 0x00007ffa3528a000 	C:\WINDOWS\System32\SHELL32.dll
0x00007ffa306d0000 - 0x00007ffa30f9e000 	C:\WINDOWS\SYSTEM32\windows.storage.dll
0x00007ffa30590000 - 0x00007ffa306ce000 	C:\WINDOWS\SYSTEM32\wintypes.dll
0x00007ffa33110000 - 0x00007ffa33201000 	C:\WINDOWS\System32\SHCORE.dll
0x00007ffa330b0000 - 0x00007ffa3310e000 	C:\WINDOWS\System32\shlwapi.dll
0x00007ffa32600000 - 0x00007ffa32621000 	C:\WINDOWS\SYSTEM32\profapi.dll
0x00007ffa199b0000 - 0x00007ffa199c9000 	C:\Users\haris\.vscode\extensions\redhat.java-1.20.0-win32-x64\jre\17.0.7-win32-x86_64\bin\net.dll
0x00007ffa29760000 - 0x00007ffa29897000 	C:\WINDOWS\SYSTEM32\WINHTTP.dll
0x00007ffa31b90000 - 0x00007ffa31bf9000 	C:\WINDOWS\system32\mswsock.dll
0x00007ffa18de0000 - 0x00007ffa18df5000 	C:\Users\haris\.vscode\extensions\redhat.java-1.20.0-win32-x64\jre\17.0.7-win32-x86_64\bin\nio.dll
0x00007ffa31e00000 - 0x00007ffa31e1b000 	C:\WINDOWS\SYSTEM32\CRYPTSP.dll
0x00007ffa31690000 - 0x00007ffa316c5000 	C:\WINDOWS\system32\rsaenh.dll
0x00007ffa31c90000 - 0x00007ffa31cb8000 	C:\WINDOWS\SYSTEM32\USERENV.dll
0x00007ffa32020000 - 0x00007ffa32048000 	C:\WINDOWS\SYSTEM32\bcrypt.dll
0x00007ffa31df0000 - 0x00007ffa31dfc000 	C:\WINDOWS\SYSTEM32\CRYPTBASE.dll
0x00007ffa31240000 - 0x00007ffa3126d000 	C:\WINDOWS\SYSTEM32\IPHLPAPI.DLL
0x00007ffa34670000 - 0x00007ffa34679000 	C:\WINDOWS\System32\NSI.dll
0x00007ffa29970000 - 0x00007ffa29989000 	C:\WINDOWS\SYSTEM32\dhcpcsvc6.DLL
0x00007ffa29740000 - 0x00007ffa2975f000 	C:\WINDOWS\SYSTEM32\dhcpcsvc.DLL
0x00007ffa312c0000 - 0x00007ffa313b3000 	C:\WINDOWS\SYSTEM32\DNSAPI.dll
0x00007ffa217b0000 - 0x00007ffa217b9000 	C:\Users\haris\.vscode\extensions\redhat.java-1.20.0-win32-x64\jre\17.0.7-win32-x86_64\bin\management.dll
0x00007ffa217a0000 - 0x00007ffa217ab000 	C:\Users\haris\.vscode\extensions\redhat.java-1.20.0-win32-x64\jre\17.0.7-win32-x86_64\bin\management_ext.dll
0x00007ffa341d0000 - 0x00007ffa341d8000 	C:\WINDOWS\System32\PSAPI.DLL

dbghelp: loaded successfully - version: 4.0.5 - missing functions: none
symbol engine: initialized successfully - sym options: 0x614 - pdb path: .;c:\Users\haris\.vscode\extensions\redhat.java-1.20.0-win32-x64\jre\17.0.7-win32-x86_64\bin;C:\WINDOWS\SYSTEM32;C:\Program Files\Avast Software\Avast;C:\WINDOWS\WinSxS\amd64_microsoft.windows.common-controls_6595b64144ccf1df_6.0.22621.1635_none_270f70857386168e;c:\Users\haris\.vscode\extensions\redhat.java-1.20.0-win32-x64\jre\17.0.7-win32-x86_64\bin\server

VM Arguments:
jvm_args: -XX:+HeapDumpOnOutOfMemoryError -Xmx1024m -Dsts.lsp.client=vscode -Dsts.log.file=/dev/null -XX:TieredStopAtLevel=1 -Xlog:jni+resolve=off -Dspring.config.location=file:c:\Users\haris\.vscode\extensions\vmware.vscode-spring-boot-1.47.0\language-server\BOOT-INF\classes\application.properties 
java_command: org.springframework.ide.vscode.boot.app.BootLanguageServerBootApp
java_class_path (initial): c:\Users\haris\.vscode\extensions\vmware.vscode-spring-boot-1.47.0\language-server\BOOT-INF\classes;c:\Users\haris\.vscode\extensions\vmware.vscode-spring-boot-1.47.0\language-server\BOOT-INF\lib\annotations-24.0.1.jar;c:\Users\haris\.vscode\extensions\vmware.vscode-spring-boot-1.47.0\language-server\BOOT-INF\lib\antlr-runtime-3.5.3.jar;c:\Users\haris\.vscode\extensions\vmware.vscode-spring-boot-1.47.0\language-server\BOOT-INF\lib\antlr4-4.11.1.jar;c:\Users\haris\.vscode\extensions\vmware.vscode-spring-boot-1.47.0\language-server\BOOT-INF\lib\antlr4-runtime-4.11.1.jar;c:\Users\haris\.vscode\extensions\vmware.vscode-spring-boot-1.47.0\language-server\BOOT-INF\lib\aopalliance-1.0.jar;c:\Users\haris\.vscode\extensions\vmware.vscode-spring-boot-1.47.0\language-server\BOOT-INF\lib\asm-9.5.jar;c:\Users\haris\.vscode\extensions\vmware.vscode-spring-boot-1.47.0\language-server\BOOT-INF\lib\asm-analysis-9.5.jar;c:\Users\haris\.vscode\extensions\vmware.vscode-spring-boot-1.47.0\language-server\BOOT-INF\lib\asm-tree-9.5.jar;c:\Users\haris\.vscode\extensions\vmware.vscode-spring-boot-1.47.0\language-server\BOOT-INF\lib\asm-util-9.5.jar;c:\Users\haris\.vscode\extensions\vmware.vscode-spring-boot-1.47.0\language-server\BOOT-INF\lib\auto-common-1.2.1.jar;c:\Users\haris\.vscode\extensions\vmware.vscode-spring-boot-1.47.0\language-server\BOOT-INF\lib\auto-value-annotations-1.9.jar;c:\Users\haris\.vscode\extensions\vmware.vscode-spring-boot-1.47.0\language-server\BOOT-INF\lib\caffeine-3.1.2.jar;c:\Users\haris\.vscode\extensions\vmware.vscode-spring-boot-1.47.0\language-server\BOOT-INF\lib\checker-qual-3.12.0.jar;c:\Users\haris\.vscode\extensions\vmware.vscode-spring-boot-1.47.0\language-server\BOOT-INF\lib\classgraph-4.8.149.jar;c:\Users\haris\.vscode\extensions\vmware.vscode-spring-boot-1.47.0\language-server\BOOT-INF\lib\commons-codec-1.15.jar;c:\Users\haris\.vscode\extensions\vmware.vscode-spring-boot-1.47.0\language-server\BOOT-INF\lib\commons-compres
Launcher Type: SUN_STANDARD

[Global flags]
     intx CICompilerCount                          = 3                                         {product} {ergonomic}
     uint ConcGCThreads                            = 1                                         {product} {ergonomic}
     uint G1ConcRefinementThreads                  = 4                                         {product} {ergonomic}
   size_t G1HeapRegionSize                         = 1048576                                   {product} {ergonomic}
    uintx GCDrainStackTargetSize                   = 64                                        {product} {ergonomic}
     bool HeapDumpOnOutOfMemoryError               = true                                   {manageable} {command line}
   size_t InitialHeapSize                          = 58720256                                  {product} {ergonomic}
   size_t MarkStackSize                            = 4194304                                   {product} {ergonomic}
   size_t MaxHeapSize                              = 1073741824                                {product} {command line}
   size_t MaxNewSize                               = 643825664                                 {product} {ergonomic}
   size_t MinHeapDeltaBytes                        = 1048576                                   {product} {ergonomic}
   size_t MinHeapSize                              = 8388608                                   {product} {ergonomic}
    uintx NonProfiledCodeHeapSize                  = 0                                      {pd product} {ergonomic}
     bool ProfileInterpreter                       = false                                  {pd product} {command line}
    uintx ProfiledCodeHeapSize                     = 0                                      {pd product} {ergonomic}
   size_t SoftMaxHeapSize                          = 1073741824                             {manageable} {ergonomic}
     intx TieredStopAtLevel                        = 1                                         {product} {command line}
     bool UseCompressedClassPointers               = true                           {product lp64_product} {ergonomic}
     bool UseCompressedOops                        = true                           {product lp64_product} {ergonomic}
     bool UseG1GC                                  = true                                      {product} {ergonomic}
     bool UseLargePagesIndividualAllocation        = false                                  {pd product} {ergonomic}

Logging:
Log output configuration:
 #0: stdout all=warning,jni+resolve=off uptime,level,tags
 #1: stderr all=off uptime,level,tags

Environment Variables:
JAVA_HOME=C:\Users\haris\.jdks\openjdk-19
PATH=C:\oraclexe\app\oracle\product\11.2.0\server\bin;C:\Program Files\Common Files\Oracle\Java\javapath;C:\WINDOWS\system32;C:\WINDOWS;C:\WINDOWS\System32\Wbem;C:\WINDOWS\System32\WindowsPowerShell\v1.0\;C:\WINDOWS\System32\OpenSSH\;C:\Program Files (x86)\dotnet\;C:\Program Files\Git\cmd;C:\Users\haris\AppData\Local\Microsoft\WindowsApps;;C:\Users\haris\AppData\Local\Programs\Microsoft VS Code\bin;C:\Program Files\JetBrains\IntelliJ IDEA Community Edition 2022.2.3\bin;;C:\Program Files\heroku\bin
USERNAME=haris
OS=Windows_NT
PROCESSOR_IDENTIFIER=AMD64 Family 23 Model 24 Stepping 1, AuthenticAMD
TMP=C:\Users\haris\AppData\Local\Temp
TEMP=C:\Users\haris\AppData\Local\Temp



---------------  S Y S T E M  ---------------

OS:
 Windows 11 , 64 bit Build 22621 (10.0.22621.1778)
OS uptime: 4 days 16:03 hours

CPU: total 4 (initial active 4) (4 cores per cpu, 2 threads per core) family 23 model 24 stepping 1 microcode 0x0, cx8, cmov, fxsr, ht, mmx, 3dnowpref, sse, sse2, sse3, ssse3, sse4a, sse4.1, sse4.2, popcnt, lzcnt, tsc, tscinvbit, avx, avx2, aes, clmul, bmi1, bmi2, adx, sha, fma, vzeroupper, clflush, clflushopt

Memory: 4k page, system-wide physical 3521M (109M free)
TotalPageFile size 14273M (AvailPageFile size 2M)
current process WorkingSet (physical memory assigned to process): 38M, peak: 135M
current process commit charge ("private bytes"): 177M, peak: 182M

vm_info: OpenJDK 64-Bit Server VM (17.0.7+7) for windows-amd64 JRE (17.0.7+7), built on Apr 18 2023 22:10:42 by "temurin" with MS VC++ 16.7 (VS2019)

END.
